12-Jan-2024 12:20:39.045 INFO [main] org.apache.catalina.startup.VersionLoggerListener.log Nombre de la versión del servidor: Apache Tomcat/10.1.17
12-Jan-2024 12:20:39.049 INFO [main] org.apache.catalina.startup.VersionLoggerListener.log Server built:                      Dec 7 2023 23:31:38 UTC
12-Jan-2024 12:20:39.049 INFO [main] org.apache.catalina.startup.VersionLoggerListener.log Número de versión de servidor:     10.1.17.0
12-Jan-2024 12:20:39.049 INFO [main] org.apache.catalina.startup.VersionLoggerListener.log OS Name:                           Windows 11
12-Jan-2024 12:20:39.049 INFO [main] org.apache.catalina.startup.VersionLoggerListener.log Versión de Systema Operativo:      10.0
12-Jan-2024 12:20:39.049 INFO [main] org.apache.catalina.startup.VersionLoggerListener.log Arquitectura:                      amd64
12-Jan-2024 12:20:39.049 INFO [main] org.apache.catalina.startup.VersionLoggerListener.log Java Home:                         C:\Program Files\Java\jdk-20
12-Jan-2024 12:20:39.049 INFO [main] org.apache.catalina.startup.VersionLoggerListener.log JVM Version:                       20.0.1+9-29
12-Jan-2024 12:20:39.049 INFO [main] org.apache.catalina.startup.VersionLoggerListener.log Vededor JVM:                       Oracle Corporation
12-Jan-2024 12:20:39.049 INFO [main] org.apache.catalina.startup.VersionLoggerListener.log CATALINA_BASE:                     C:\Users\2dawa\Documents\GitHub\JavaSpring\GaleriaImagenesSerafin\src\main\resources
12-Jan-2024 12:20:39.050 INFO [main] org.apache.catalina.startup.VersionLoggerListener.log CATALINA_HOME:                     C:\Users\2dawa\Downloads\apache-tomcat-10.1.17
12-Jan-2024 12:20:39.062 INFO [main] org.apache.catalina.startup.VersionLoggerListener.log Command line argument:             --add-opens=java.base/java.lang=ALL-UNNAMED
12-Jan-2024 12:20:39.062 INFO [main] org.apache.catalina.startup.VersionLoggerListener.log Command line argument:             --add-opens=java.base/java.io=ALL-UNNAMED
12-Jan-2024 12:20:39.062 INFO [main] org.apache.catalina.startup.VersionLoggerListener.log Command line argument:             --add-opens=java.base/java.util=ALL-UNNAMED
12-Jan-2024 12:20:39.062 INFO [main] org.apache.catalina.startup.VersionLoggerListener.log Command line argument:             --add-opens=java.base/java.util.concurrent=ALL-UNNAMED
12-Jan-2024 12:20:39.062 INFO [main] org.apache.catalina.startup.VersionLoggerListener.log Command line argument:             --add-opens=java.rmi/sun.rmi.transport=ALL-UNNAMED
12-Jan-2024 12:20:39.062 INFO [main] org.apache.catalina.startup.VersionLoggerListener.log Command line argument:             -Dcatalina.home=C:\Users\2dawa\Downloads\apache-tomcat-10.1.17
12-Jan-2024 12:20:39.063 INFO [main] org.apache.catalina.startup.VersionLoggerListener.log Command line argument:             -Dcatalina.base=C:\Users\2dawa\Documents\GitHub\JavaSpring\GaleriaImagenesSerafin\src\main\resources
12-Jan-2024 12:20:39.063 INFO [main] org.apache.catalina.startup.VersionLoggerListener.log Command line argument:             -Djava.io.tmpdir=C:\Users\2dawa\Documents\GitHub\JavaSpring\GaleriaImagenesSerafin\src\main\resources\temp
12-Jan-2024 12:20:39.063 INFO [main] org.apache.catalina.startup.VersionLoggerListener.log Command line argument:             -Djava.util.logging.config.file=C:\Users\2dawa\Documents\GitHub\JavaSpring\GaleriaImagenesSerafin\src\main\resources\conf\logging.properties
12-Jan-2024 12:20:39.063 INFO [main] org.apache.catalina.startup.VersionLoggerListener.log Command line argument:             -Djava.util.logging.manager=org.apache.juli.ClassLoaderLogManager
12-Jan-2024 12:20:39.063 INFO [main] org.apache.catalina.startup.VersionLoggerListener.log Command line argument:             -javaagent:C:\Program Files\JetBrains\IntelliJ IDEA Community Edition 2023.3\lib\idea_rt.jar=60531:C:\Program Files\JetBrains\IntelliJ IDEA Community Edition 2023.3\bin
12-Jan-2024 12:20:39.063 INFO [main] org.apache.catalina.startup.VersionLoggerListener.log Command line argument:             -Dfile.encoding=UTF-8
12-Jan-2024 12:20:39.063 INFO [main] org.apache.catalina.startup.VersionLoggerListener.log Command line argument:             -Dsun.stdout.encoding=UTF-8
12-Jan-2024 12:20:39.063 INFO [main] org.apache.catalina.startup.VersionLoggerListener.log Command line argument:             -Dsun.stderr.encoding=UTF-8
12-Jan-2024 12:20:39.066 INFO [main] org.apache.catalina.core.AprLifecycleListener.lifecycleEvent Cargada la biblioteca nativa APR de Apache Tomcat [2.0.6] con la versión APR [1.7.4].
12-Jan-2024 12:20:39.071 INFO [main] org.apache.catalina.core.AprLifecycleListener.initializeSSL OpenSSL inicializado correctamente [OpenSSL 3.0.11 19 Sep 2023]
12-Jan-2024 12:20:39.404 INFO [main] org.apache.coyote.AbstractProtocol.init Inicializando el manejador de protocolo ["http-nio-8080"]

12-Jan-2024 12:20:39.419 INFO [main] org.apache.catalina.startup.Catalina.load Server initialization in [589] milliseconds
12-Jan-2024 12:20:39.464 INFO [main] org.apache.catalina.core.StandardService.startInternal Arrancando servicio [Catalina]
12-Jan-2024 12:20:39.464 INFO [main] org.apache.catalina.core.StandardEngine.startInternal Starting Servlet engine: [Apache Tomcat/10.1.17]
12-Jan-2024 12:20:39.477 INFO [main] org.apache.catalina.startup.HostConfig.deployDescriptor Desplieque del descriptor de configuración [C:\Users\2dawa\Documents\GitHub\JavaSpring\GaleriaImagenesSerafin\src\main\resources\conf\Catalina\localhost\galeriaAleSP.xml]
12-Jan-2024 12:20:42.016 INFO [main] org.apache.jasper.servlet.TldScanner.scanJars Al menos un JAR, que se ha explorado buscando TLDs, aún no contenía TLDs. Activar historial de depuración para este historiador para una completa lista de los JARs que fueron explorados y de los que nos se halló TLDs. Saltarse JARs no necesarios durante la exploración puede dar lugar a una mejora de tiempo significativa en el arranque y compilación de JSP .
12-Jan-2024 12:20:45.739 INFO [main] org.apache.catalina.startup.HostConfig.deployDescriptor Deployment of deployment descriptor [C:\Users\2dawa\Documents\GitHub\JavaSpring\GaleriaImagenesSerafin\src\main\resources\conf\Catalina\localhost\galeriaAleSP.xml] has finished in [6.261] ms
12-Jan-2024 12:20:45.742 INFO [main] org.apache.coyote.AbstractProtocol.start Starting ProtocolHandler ["http-nio-8080"]
12-Jan-2024 12:20:45.809 INFO [main] org.apache.catalina.startup.Catalina.start Server startup in [6387] milliseconds
12-Jan-2024 12:21:31.249 INFO [Thread-3] org.apache.coyote.AbstractProtocol.pause Pausing ProtocolHandler ["http-nio-8080"]
12-Jan-2024 12:21:31.257 INFO [Thread-3] org.apache.catalina.core.StandardService.stopInternal Parando servicio [Catalina]
12-Jan-2024 12:21:31.287 INFO [Thread-3] org.apache.coyote.AbstractProtocol.stop Stopping ProtocolHandler ["http-nio-8080"]
12-Jan-2024 12:21:31.302 INFO [Thread-3] org.apache.coyote.AbstractProtocol.destroy Destroying ProtocolHandler ["http-nio-8080"]
12-Jan-2024 12:21:34.423 INFO [main] org.apache.catalina.startup.VersionLoggerListener.log Nombre de la versión del servidor: Apache Tomcat/10.1.17
12-Jan-2024 12:21:34.429 INFO [main] org.apache.catalina.startup.VersionLoggerListener.log Server built:                      Dec 7 2023 23:31:38 UTC
12-Jan-2024 12:21:34.430 INFO [main] org.apache.catalina.startup.VersionLoggerListener.log Número de versión de servidor:     10.1.17.0
12-Jan-2024 12:21:34.430 INFO [main] org.apache.catalina.startup.VersionLoggerListener.log OS Name:                           Windows 11
12-Jan-2024 12:21:34.430 INFO [main] org.apache.catalina.startup.VersionLoggerListener.log Versión de Systema Operativo:      10.0
12-Jan-2024 12:21:34.430 INFO [main] org.apache.catalina.startup.VersionLoggerListener.log Arquitectura:                      amd64
12-Jan-2024 12:21:34.431 INFO [main] org.apache.catalina.startup.VersionLoggerListener.log Java Home:                         C:\Program Files\Java\jdk-20
12-Jan-2024 12:21:34.431 INFO [main] org.apache.catalina.startup.VersionLoggerListener.log JVM Version:                       20.0.1+9-29
12-Jan-2024 12:21:34.432 INFO [main] org.apache.catalina.startup.VersionLoggerListener.log Vededor JVM:                       Oracle Corporation
12-Jan-2024 12:21:34.432 INFO [main] org.apache.catalina.startup.VersionLoggerListener.log CATALINA_BASE:                     C:\Users\2dawa\Documents\GitHub\JavaSpring\GaleriaImagenesSerafin\src\main\resources
12-Jan-2024 12:21:34.432 INFO [main] org.apache.catalina.startup.VersionLoggerListener.log CATALINA_HOME:                     C:\Users\2dawa\Downloads\apache-tomcat-10.1.17
12-Jan-2024 12:21:34.442 INFO [main] org.apache.catalina.startup.VersionLoggerListener.log Command line argument:             --add-opens=java.base/java.lang=ALL-UNNAMED
12-Jan-2024 12:21:34.442 INFO [main] org.apache.catalina.startup.VersionLoggerListener.log Command line argument:             --add-opens=java.base/java.io=ALL-UNNAMED
12-Jan-2024 12:21:34.442 INFO [main] org.apache.catalina.startup.VersionLoggerListener.log Command line argument:             --add-opens=java.base/java.util=ALL-UNNAMED
12-Jan-2024 12:21:34.443 INFO [main] org.apache.catalina.startup.VersionLoggerListener.log Command line argument:             --add-opens=java.base/java.util.concurrent=ALL-UNNAMED
12-Jan-2024 12:21:34.443 INFO [main] org.apache.catalina.startup.VersionLoggerListener.log Command line argument:             --add-opens=java.rmi/sun.rmi.transport=ALL-UNNAMED
12-Jan-2024 12:21:34.443 INFO [main] org.apache.catalina.startup.VersionLoggerListener.log Command line argument:             -Dcatalina.home=C:\Users\2dawa\Downloads\apache-tomcat-10.1.17
12-Jan-2024 12:21:34.443 INFO [main] org.apache.catalina.startup.VersionLoggerListener.log Command line argument:             -Dcatalina.base=C:\Users\2dawa\Documents\GitHub\JavaSpring\GaleriaImagenesSerafin\src\main\resources
12-Jan-2024 12:21:34.443 INFO [main] org.apache.catalina.startup.VersionLoggerListener.log Command line argument:             -Djava.io.tmpdir=C:\Users\2dawa\Documents\GitHub\JavaSpring\GaleriaImagenesSerafin\src\main\resources\temp
12-Jan-2024 12:21:34.443 INFO [main] org.apache.catalina.startup.VersionLoggerListener.log Command line argument:             -Djava.util.logging.config.file=C:\Users\2dawa\Documents\GitHub\JavaSpring\GaleriaImagenesSerafin\src\main\resources\conf\logging.properties
12-Jan-2024 12:21:34.443 INFO [main] org.apache.catalina.startup.VersionLoggerListener.log Command line argument:             -Djava.util.logging.manager=org.apache.juli.ClassLoaderLogManager
12-Jan-2024 12:21:34.443 INFO [main] org.apache.catalina.startup.VersionLoggerListener.log Command line argument:             -javaagent:C:\Program Files\JetBrains\IntelliJ IDEA Community Edition 2023.3\lib\idea_rt.jar=60546:C:\Program Files\JetBrains\IntelliJ IDEA Community Edition 2023.3\bin
12-Jan-2024 12:21:34.443 INFO [main] org.apache.catalina.startup.VersionLoggerListener.log Command line argument:             -Dfile.encoding=UTF-8
12-Jan-2024 12:21:34.444 INFO [main] org.apache.catalina.startup.VersionLoggerListener.log Command line argument:             -Dsun.stdout.encoding=UTF-8
12-Jan-2024 12:21:34.444 INFO [main] org.apache.catalina.startup.VersionLoggerListener.log Command line argument:             -Dsun.stderr.encoding=UTF-8
12-Jan-2024 12:21:34.447 INFO [main] org.apache.catalina.core.AprLifecycleListener.lifecycleEvent Cargada la biblioteca nativa APR de Apache Tomcat [2.0.6] con la versión APR [1.7.4].
12-Jan-2024 12:21:34.452 INFO [main] org.apache.catalina.core.AprLifecycleListener.initializeSSL OpenSSL inicializado correctamente [OpenSSL 3.0.11 19 Sep 2023]
12-Jan-2024 12:21:34.754 INFO [main] org.apache.coyote.AbstractProtocol.init Inicializando el manejador de protocolo ["http-nio-8080"]

12-Jan-2024 12:21:34.770 INFO [main] org.apache.catalina.startup.Catalina.load Server initialization in [589] milliseconds
12-Jan-2024 12:21:34.823 INFO [main] org.apache.catalina.core.StandardService.startInternal Arrancando servicio [Catalina]
12-Jan-2024 12:21:34.823 INFO [main] org.apache.catalina.core.StandardEngine.startInternal Starting Servlet engine: [Apache Tomcat/10.1.17]
12-Jan-2024 12:21:34.837 INFO [main] org.apache.catalina.startup.HostConfig.deployDescriptor Desplieque del descriptor de configuración [C:\Users\2dawa\Documents\GitHub\JavaSpring\GaleriaImagenesSerafin\src\main\resources\conf\Catalina\localhost\galeriaAleSP.xml]
12-Jan-2024 12:21:37.329 INFO [main] org.apache.jasper.servlet.TldScanner.scanJars Al menos un JAR, que se ha explorado buscando TLDs, aún no contenía TLDs. Activar historial de depuración para este historiador para una completa lista de los JARs que fueron explorados y de los que nos se halló TLDs. Saltarse JARs no necesarios durante la exploración puede dar lugar a una mejora de tiempo significativa en el arranque y compilación de JSP .
12-Jan-2024 12:21:40.829 INFO [main] org.apache.catalina.startup.HostConfig.deployDescriptor Deployment of deployment descriptor [C:\Users\2dawa\Documents\GitHub\JavaSpring\GaleriaImagenesSerafin\src\main\resources\conf\Catalina\localhost\galeriaAleSP.xml] has finished in [5.992] ms
12-Jan-2024 12:21:40.832 INFO [main] org.apache.coyote.AbstractProtocol.start Starting ProtocolHandler ["http-nio-8080"]
12-Jan-2024 12:21:40.889 INFO [main] org.apache.catalina.startup.Catalina.start Server startup in [6117] milliseconds
12-Jan-2024 12:22:21.602 INFO [Thread-3] org.apache.coyote.AbstractProtocol.pause Pausing ProtocolHandler ["http-nio-8080"]
12-Jan-2024 12:22:21.612 INFO [Thread-3] org.apache.catalina.core.StandardService.stopInternal Parando servicio [Catalina]
12-Jan-2024 12:22:21.638 INFO [Thread-3] org.apache.coyote.AbstractProtocol.stop Stopping ProtocolHandler ["http-nio-8080"]
12-Jan-2024 12:22:21.647 INFO [Thread-3] org.apache.coyote.AbstractProtocol.destroy Destroying ProtocolHandler ["http-nio-8080"]
12-Jan-2024 12:22:24.276 INFO [main] org.apache.catalina.startup.VersionLoggerListener.log Nombre de la versión del servidor: Apache Tomcat/10.1.17
12-Jan-2024 12:22:24.280 INFO [main] org.apache.catalina.startup.VersionLoggerListener.log Server built:                      Dec 7 2023 23:31:38 UTC
12-Jan-2024 12:22:24.280 INFO [main] org.apache.catalina.startup.VersionLoggerListener.log Número de versión de servidor:     10.1.17.0
12-Jan-2024 12:22:24.280 INFO [main] org.apache.catalina.startup.VersionLoggerListener.log OS Name:                           Windows 11
12-Jan-2024 12:22:24.280 INFO [main] org.apache.catalina.startup.VersionLoggerListener.log Versión de Systema Operativo:      10.0
12-Jan-2024 12:22:24.280 INFO [main] org.apache.catalina.startup.VersionLoggerListener.log Arquitectura:                      amd64
12-Jan-2024 12:22:24.280 INFO [main] org.apache.catalina.startup.VersionLoggerListener.log Java Home:                         C:\Program Files\Java\jdk-20
12-Jan-2024 12:22:24.280 INFO [main] org.apache.catalina.startup.VersionLoggerListener.log JVM Version:                       20.0.1+9-29
12-Jan-2024 12:22:24.281 INFO [main] org.apache.catalina.startup.VersionLoggerListener.log Vededor JVM:                       Oracle Corporation
12-Jan-2024 12:22:24.282 INFO [main] org.apache.catalina.startup.VersionLoggerListener.log CATALINA_BASE:                     C:\Users\2dawa\Documents\GitHub\JavaSpring\GaleriaImagenesSerafin\src\main\resources
12-Jan-2024 12:22:24.282 INFO [main] org.apache.catalina.startup.VersionLoggerListener.log CATALINA_HOME:                     C:\Users\2dawa\Downloads\apache-tomcat-10.1.17
12-Jan-2024 12:22:24.290 INFO [main] org.apache.catalina.startup.VersionLoggerListener.log Command line argument:             --add-opens=java.base/java.lang=ALL-UNNAMED
12-Jan-2024 12:22:24.290 INFO [main] org.apache.catalina.startup.VersionLoggerListener.log Command line argument:             --add-opens=java.base/java.io=ALL-UNNAMED
12-Jan-2024 12:22:24.290 INFO [main] org.apache.catalina.startup.VersionLoggerListener.log Command line argument:             --add-opens=java.base/java.util=ALL-UNNAMED
12-Jan-2024 12:22:24.291 INFO [main] org.apache.catalina.startup.VersionLoggerListener.log Command line argument:             --add-opens=java.base/java.util.concurrent=ALL-UNNAMED
12-Jan-2024 12:22:24.291 INFO [main] org.apache.catalina.startup.VersionLoggerListener.log Command line argument:             --add-opens=java.rmi/sun.rmi.transport=ALL-UNNAMED
12-Jan-2024 12:22:24.291 INFO [main] org.apache.catalina.startup.VersionLoggerListener.log Command line argument:             -Dcatalina.home=C:\Users\2dawa\Downloads\apache-tomcat-10.1.17
12-Jan-2024 12:22:24.291 INFO [main] org.apache.catalina.startup.VersionLoggerListener.log Command line argument:             -Dcatalina.base=C:\Users\2dawa\Documents\GitHub\JavaSpring\GaleriaImagenesSerafin\src\main\resources
12-Jan-2024 12:22:24.291 INFO [main] org.apache.catalina.startup.VersionLoggerListener.log Command line argument:             -Djava.io.tmpdir=C:\Users\2dawa\Documents\GitHub\JavaSpring\GaleriaImagenesSerafin\src\main\resources\temp
12-Jan-2024 12:22:24.291 INFO [main] org.apache.catalina.startup.VersionLoggerListener.log Command line argument:             -Djava.util.logging.config.file=C:\Users\2dawa\Documents\GitHub\JavaSpring\GaleriaImagenesSerafin\src\main\resources\conf\logging.properties
12-Jan-2024 12:22:24.291 INFO [main] org.apache.catalina.startup.VersionLoggerListener.log Command line argument:             -Djava.util.logging.manager=org.apache.juli.ClassLoaderLogManager
12-Jan-2024 12:22:24.291 INFO [main] org.apache.catalina.startup.VersionLoggerListener.log Command line argument:             -javaagent:C:\Program Files\JetBrains\IntelliJ IDEA Community Edition 2023.3\lib\idea_rt.jar=60557:C:\Program Files\JetBrains\IntelliJ IDEA Community Edition 2023.3\bin
12-Jan-2024 12:22:24.291 INFO [main] org.apache.catalina.startup.VersionLoggerListener.log Command line argument:             -Dfile.encoding=UTF-8
12-Jan-2024 12:22:24.292 INFO [main] org.apache.catalina.startup.VersionLoggerListener.log Command line argument:             -Dsun.stdout.encoding=UTF-8
12-Jan-2024 12:22:24.292 INFO [main] org.apache.catalina.startup.VersionLoggerListener.log Command line argument:             -Dsun.stderr.encoding=UTF-8
12-Jan-2024 12:22:24.295 INFO [main] org.apache.catalina.core.AprLifecycleListener.lifecycleEvent Cargada la biblioteca nativa APR de Apache Tomcat [2.0.6] con la versión APR [1.7.4].
12-Jan-2024 12:22:24.301 INFO [main] org.apache.catalina.core.AprLifecycleListener.initializeSSL OpenSSL inicializado correctamente [OpenSSL 3.0.11 19 Sep 2023]
12-Jan-2024 12:22:24.617 INFO [main] org.apache.coyote.AbstractProtocol.init Inicializando el manejador de protocolo ["http-nio-8080"]

12-Jan-2024 12:22:24.635 INFO [main] org.apache.catalina.startup.Catalina.load Server initialization in [559] milliseconds
12-Jan-2024 12:22:24.683 INFO [main] org.apache.catalina.core.StandardService.startInternal Arrancando servicio [Catalina]
12-Jan-2024 12:22:24.683 INFO [main] org.apache.catalina.core.StandardEngine.startInternal Starting Servlet engine: [Apache Tomcat/10.1.17]
12-Jan-2024 12:22:24.695 INFO [main] org.apache.catalina.startup.HostConfig.deployDescriptor Desplieque del descriptor de configuración [C:\Users\2dawa\Documents\GitHub\JavaSpring\GaleriaImagenesSerafin\src\main\resources\conf\Catalina\localhost\galeriaAleSP.xml]
12-Jan-2024 12:22:27.221 INFO [main] org.apache.jasper.servlet.TldScanner.scanJars Al menos un JAR, que se ha explorado buscando TLDs, aún no contenía TLDs. Activar historial de depuración para este historiador para una completa lista de los JARs que fueron explorados y de los que nos se halló TLDs. Saltarse JARs no necesarios durante la exploración puede dar lugar a una mejora de tiempo significativa en el arranque y compilación de JSP .
12-Jan-2024 12:22:30.985 INFO [main] org.apache.catalina.startup.HostConfig.deployDescriptor Deployment of deployment descriptor [C:\Users\2dawa\Documents\GitHub\JavaSpring\GaleriaImagenesSerafin\src\main\resources\conf\Catalina\localhost\galeriaAleSP.xml] has finished in [6.290] ms
12-Jan-2024 12:22:30.988 INFO [main] org.apache.coyote.AbstractProtocol.start Starting ProtocolHandler ["http-nio-8080"]
12-Jan-2024 12:22:31.046 INFO [main] org.apache.catalina.startup.Catalina.start Server startup in [6409] milliseconds
12-Jan-2024 12:22:54.384 INFO [Thread-3] org.apache.coyote.AbstractProtocol.pause Pausing ProtocolHandler ["http-nio-8080"]
12-Jan-2024 12:22:54.393 INFO [Thread-3] org.apache.catalina.core.StandardService.stopInternal Parando servicio [Catalina]
12-Jan-2024 12:22:54.419 INFO [Thread-3] org.apache.coyote.AbstractProtocol.stop Stopping ProtocolHandler ["http-nio-8080"]
12-Jan-2024 12:22:54.436 INFO [Thread-3] org.apache.coyote.AbstractProtocol.destroy Destroying ProtocolHandler ["http-nio-8080"]
12-Jan-2024 12:24:53.722 INFO [main] org.apache.catalina.startup.VersionLoggerListener.log Nombre de la versión del servidor: Apache Tomcat/10.1.17
12-Jan-2024 12:24:53.726 INFO [main] org.apache.catalina.startup.VersionLoggerListener.log Server built:                      Dec 7 2023 23:31:38 UTC
12-Jan-2024 12:24:53.726 INFO [main] org.apache.catalina.startup.VersionLoggerListener.log Número de versión de servidor:     10.1.17.0
12-Jan-2024 12:24:53.726 INFO [main] org.apache.catalina.startup.VersionLoggerListener.log OS Name:                           Windows 11
12-Jan-2024 12:24:53.726 INFO [main] org.apache.catalina.startup.VersionLoggerListener.log Versión de Systema Operativo:      10.0
12-Jan-2024 12:24:53.726 INFO [main] org.apache.catalina.startup.VersionLoggerListener.log Arquitectura:                      amd64
12-Jan-2024 12:24:53.726 INFO [main] org.apache.catalina.startup.VersionLoggerListener.log Java Home:                         C:\Program Files\Java\jdk-20
12-Jan-2024 12:24:53.726 INFO [main] org.apache.catalina.startup.VersionLoggerListener.log JVM Version:                       20.0.1+9-29
12-Jan-2024 12:24:53.726 INFO [main] org.apache.catalina.startup.VersionLoggerListener.log Vededor JVM:                       Oracle Corporation
12-Jan-2024 12:24:53.726 INFO [main] org.apache.catalina.startup.VersionLoggerListener.log CATALINA_BASE:                     C:\Users\2dawa\Documents\GitHub\JavaSpring\GaleriaImagenesSerafin\src\main\resources
12-Jan-2024 12:24:53.727 INFO [main] org.apache.catalina.startup.VersionLoggerListener.log CATALINA_HOME:                     C:\Users\2dawa\Downloads\apache-tomcat-10.1.17
12-Jan-2024 12:24:53.739 INFO [main] org.apache.catalina.startup.VersionLoggerListener.log Command line argument:             --add-opens=java.base/java.lang=ALL-UNNAMED
12-Jan-2024 12:24:53.739 INFO [main] org.apache.catalina.startup.VersionLoggerListener.log Command line argument:             --add-opens=java.base/java.io=ALL-UNNAMED
12-Jan-2024 12:24:53.740 INFO [main] org.apache.catalina.startup.VersionLoggerListener.log Command line argument:             --add-opens=java.base/java.util=ALL-UNNAMED
12-Jan-2024 12:24:53.740 INFO [main] org.apache.catalina.startup.VersionLoggerListener.log Command line argument:             --add-opens=java.base/java.util.concurrent=ALL-UNNAMED
12-Jan-2024 12:24:53.740 INFO [main] org.apache.catalina.startup.VersionLoggerListener.log Command line argument:             --add-opens=java.rmi/sun.rmi.transport=ALL-UNNAMED
12-Jan-2024 12:24:53.741 INFO [main] org.apache.catalina.startup.VersionLoggerListener.log Command line argument:             -Dcatalina.home=C:\Users\2dawa\Downloads\apache-tomcat-10.1.17
12-Jan-2024 12:24:53.741 INFO [main] org.apache.catalina.startup.VersionLoggerListener.log Command line argument:             -Dcatalina.base=C:\Users\2dawa\Documents\GitHub\JavaSpring\GaleriaImagenesSerafin\src\main\resources
12-Jan-2024 12:24:53.741 INFO [main] org.apache.catalina.startup.VersionLoggerListener.log Command line argument:             -Djava.io.tmpdir=C:\Users\2dawa\Documents\GitHub\JavaSpring\GaleriaImagenesSerafin\src\main\resources\temp
12-Jan-2024 12:24:53.743 INFO [main] org.apache.catalina.startup.VersionLoggerListener.log Command line argument:             -Djava.util.logging.config.file=C:\Users\2dawa\Documents\GitHub\JavaSpring\GaleriaImagenesSerafin\src\main\resources\conf\logging.properties
12-Jan-2024 12:24:53.743 INFO [main] org.apache.catalina.startup.VersionLoggerListener.log Command line argument:             -Djava.util.logging.manager=org.apache.juli.ClassLoaderLogManager
12-Jan-2024 12:24:53.743 INFO [main] org.apache.catalina.startup.VersionLoggerListener.log Command line argument:             -javaagent:C:\Program Files\JetBrains\IntelliJ IDEA Community Edition 2023.3\lib\idea_rt.jar=60591:C:\Program Files\JetBrains\IntelliJ IDEA Community Edition 2023.3\bin
12-Jan-2024 12:24:53.743 INFO [main] org.apache.catalina.startup.VersionLoggerListener.log Command line argument:             -Dfile.encoding=UTF-8
12-Jan-2024 12:24:53.747 INFO [main] org.apache.catalina.startup.VersionLoggerListener.log Command line argument:             -Dsun.stdout.encoding=UTF-8
12-Jan-2024 12:24:53.747 INFO [main] org.apache.catalina.startup.VersionLoggerListener.log Command line argument:             -Dsun.stderr.encoding=UTF-8
12-Jan-2024 12:24:53.751 INFO [main] org.apache.catalina.core.AprLifecycleListener.lifecycleEvent Cargada la biblioteca nativa APR de Apache Tomcat [2.0.6] con la versión APR [1.7.4].
12-Jan-2024 12:24:53.757 INFO [main] org.apache.catalina.core.AprLifecycleListener.initializeSSL OpenSSL inicializado correctamente [OpenSSL 3.0.11 19 Sep 2023]
12-Jan-2024 12:24:54.089 INFO [main] org.apache.coyote.AbstractProtocol.init Inicializando el manejador de protocolo ["http-nio-8080"]

12-Jan-2024 12:24:54.109 INFO [main] org.apache.catalina.startup.Catalina.load Server initialization in [600] milliseconds
12-Jan-2024 12:24:54.163 INFO [main] org.apache.catalina.core.StandardService.startInternal Arrancando servicio [Catalina]
12-Jan-2024 12:24:54.163 INFO [main] org.apache.catalina.core.StandardEngine.startInternal Starting Servlet engine: [Apache Tomcat/10.1.17]
12-Jan-2024 12:24:54.175 INFO [main] org.apache.catalina.startup.HostConfig.deployDescriptor Desplieque del descriptor de configuración [C:\Users\2dawa\Documents\GitHub\JavaSpring\GaleriaImagenesSerafin\src\main\resources\conf\Catalina\localhost\galeriaAleSP.xml]
12-Jan-2024 12:24:56.659 INFO [main] org.apache.jasper.servlet.TldScanner.scanJars Al menos un JAR, que se ha explorado buscando TLDs, aún no contenía TLDs. Activar historial de depuración para este historiador para una completa lista de los JARs que fueron explorados y de los que nos se halló TLDs. Saltarse JARs no necesarios durante la exploración puede dar lugar a una mejora de tiempo significativa en el arranque y compilación de JSP .
12-Jan-2024 12:25:00.275 INFO [main] org.apache.catalina.startup.HostConfig.deployDescriptor Deployment of deployment descriptor [C:\Users\2dawa\Documents\GitHub\JavaSpring\GaleriaImagenesSerafin\src\main\resources\conf\Catalina\localhost\galeriaAleSP.xml] has finished in [6.099] ms
12-Jan-2024 12:25:00.278 INFO [main] org.apache.coyote.AbstractProtocol.start Starting ProtocolHandler ["http-nio-8080"]
12-Jan-2024 12:25:00.334 INFO [main] org.apache.catalina.startup.Catalina.start Server startup in [6223] milliseconds
12-Jan-2024 12:26:01.425 INFO [Thread-3] org.apache.coyote.AbstractProtocol.pause Pausing ProtocolHandler ["http-nio-8080"]
12-Jan-2024 12:26:01.434 INFO [Thread-3] org.apache.catalina.core.StandardService.stopInternal Parando servicio [Catalina]
12-Jan-2024 12:26:01.460 INFO [Thread-3] org.apache.coyote.AbstractProtocol.stop Stopping ProtocolHandler ["http-nio-8080"]
12-Jan-2024 12:26:01.479 INFO [Thread-3] org.apache.coyote.AbstractProtocol.destroy Destroying ProtocolHandler ["http-nio-8080"]
12-Jan-2024 12:26:04.012 INFO [main] org.apache.catalina.startup.VersionLoggerListener.log Nombre de la versión del servidor: Apache Tomcat/10.1.17
12-Jan-2024 12:26:04.018 INFO [main] org.apache.catalina.startup.VersionLoggerListener.log Server built:                      Dec 7 2023 23:31:38 UTC
12-Jan-2024 12:26:04.019 INFO [main] org.apache.catalina.startup.VersionLoggerListener.log Número de versión de servidor:     10.1.17.0
12-Jan-2024 12:26:04.019 INFO [main] org.apache.catalina.startup.VersionLoggerListener.log OS Name:                           Windows 11
12-Jan-2024 12:26:04.019 INFO [main] org.apache.catalina.startup.VersionLoggerListener.log Versión de Systema Operativo:      10.0
12-Jan-2024 12:26:04.019 INFO [main] org.apache.catalina.startup.VersionLoggerListener.log Arquitectura:                      amd64
12-Jan-2024 12:26:04.019 INFO [main] org.apache.catalina.startup.VersionLoggerListener.log Java Home:                         C:\Program Files\Java\jdk-20
12-Jan-2024 12:26:04.019 INFO [main] org.apache.catalina.startup.VersionLoggerListener.log JVM Version:                       20.0.1+9-29
12-Jan-2024 12:26:04.019 INFO [main] org.apache.catalina.startup.VersionLoggerListener.log Vededor JVM:                       Oracle Corporation
12-Jan-2024 12:26:04.019 INFO [main] org.apache.catalina.startup.VersionLoggerListener.log CATALINA_BASE:                     C:\Users\2dawa\Documents\GitHub\JavaSpring\GaleriaImagenesSerafin\src\main\resources
12-Jan-2024 12:26:04.020 INFO [main] org.apache.catalina.startup.VersionLoggerListener.log CATALINA_HOME:                     C:\Users\2dawa\Downloads\apache-tomcat-10.1.17
12-Jan-2024 12:26:04.029 INFO [main] org.apache.catalina.startup.VersionLoggerListener.log Command line argument:             --add-opens=java.base/java.lang=ALL-UNNAMED
12-Jan-2024 12:26:04.029 INFO [main] org.apache.catalina.startup.VersionLoggerListener.log Command line argument:             --add-opens=java.base/java.io=ALL-UNNAMED
12-Jan-2024 12:26:04.029 INFO [main] org.apache.catalina.startup.VersionLoggerListener.log Command line argument:             --add-opens=java.base/java.util=ALL-UNNAMED
12-Jan-2024 12:26:04.029 INFO [main] org.apache.catalina.startup.VersionLoggerListener.log Command line argument:             --add-opens=java.base/java.util.concurrent=ALL-UNNAMED
12-Jan-2024 12:26:04.029 INFO [main] org.apache.catalina.startup.VersionLoggerListener.log Command line argument:             --add-opens=java.rmi/sun.rmi.transport=ALL-UNNAMED
12-Jan-2024 12:26:04.029 INFO [main] org.apache.catalina.startup.VersionLoggerListener.log Command line argument:             -Dcatalina.home=C:\Users\2dawa\Downloads\apache-tomcat-10.1.17
12-Jan-2024 12:26:04.029 INFO [main] org.apache.catalina.startup.VersionLoggerListener.log Command line argument:             -Dcatalina.base=C:\Users\2dawa\Documents\GitHub\JavaSpring\GaleriaImagenesSerafin\src\main\resources
12-Jan-2024 12:26:04.029 INFO [main] org.apache.catalina.startup.VersionLoggerListener.log Command line argument:             -Djava.io.tmpdir=C:\Users\2dawa\Documents\GitHub\JavaSpring\GaleriaImagenesSerafin\src\main\resources\temp
12-Jan-2024 12:26:04.029 INFO [main] org.apache.catalina.startup.VersionLoggerListener.log Command line argument:             -Djava.util.logging.config.file=C:\Users\2dawa\Documents\GitHub\JavaSpring\GaleriaImagenesSerafin\src\main\resources\conf\logging.properties
12-Jan-2024 12:26:04.030 INFO [main] org.apache.catalina.startup.VersionLoggerListener.log Command line argument:             -Djava.util.logging.manager=org.apache.juli.ClassLoaderLogManager
12-Jan-2024 12:26:04.030 INFO [main] org.apache.catalina.startup.VersionLoggerListener.log Command line argument:             -javaagent:C:\Program Files\JetBrains\IntelliJ IDEA Community Edition 2023.3\lib\idea_rt.jar=60603:C:\Program Files\JetBrains\IntelliJ IDEA Community Edition 2023.3\bin
12-Jan-2024 12:26:04.030 INFO [main] org.apache.catalina.startup.VersionLoggerListener.log Command line argument:             -Dfile.encoding=UTF-8
12-Jan-2024 12:26:04.030 INFO [main] org.apache.catalina.startup.VersionLoggerListener.log Command line argument:             -Dsun.stdout.encoding=UTF-8
12-Jan-2024 12:26:04.030 INFO [main] org.apache.catalina.startup.VersionLoggerListener.log Command line argument:             -Dsun.stderr.encoding=UTF-8
12-Jan-2024 12:26:04.032 INFO [main] org.apache.catalina.core.AprLifecycleListener.lifecycleEvent Cargada la biblioteca nativa APR de Apache Tomcat [2.0.6] con la versión APR [1.7.4].
12-Jan-2024 12:26:04.038 INFO [main] org.apache.catalina.core.AprLifecycleListener.initializeSSL OpenSSL inicializado correctamente [OpenSSL 3.0.11 19 Sep 2023]
12-Jan-2024 12:26:04.373 INFO [main] org.apache.coyote.AbstractProtocol.init Inicializando el manejador de protocolo ["http-nio-8080"]

12-Jan-2024 12:26:04.391 INFO [main] org.apache.catalina.startup.Catalina.load Server initialization in [607] milliseconds
12-Jan-2024 12:26:04.445 INFO [main] org.apache.catalina.core.StandardService.startInternal Arrancando servicio [Catalina]
12-Jan-2024 12:26:04.445 INFO [main] org.apache.catalina.core.StandardEngine.startInternal Starting Servlet engine: [Apache Tomcat/10.1.17]
12-Jan-2024 12:26:04.458 INFO [main] org.apache.catalina.startup.HostConfig.deployDescriptor Desplieque del descriptor de configuración [C:\Users\2dawa\Documents\GitHub\JavaSpring\GaleriaImagenesSerafin\src\main\resources\conf\Catalina\localhost\galeriaAleSP.xml]
12-Jan-2024 12:26:06.981 INFO [main] org.apache.jasper.servlet.TldScanner.scanJars Al menos un JAR, que se ha explorado buscando TLDs, aún no contenía TLDs. Activar historial de depuración para este historiador para una completa lista de los JARs que fueron explorados y de los que nos se halló TLDs. Saltarse JARs no necesarios durante la exploración puede dar lugar a una mejora de tiempo significativa en el arranque y compilación de JSP .
12-Jan-2024 12:26:10.541 INFO [main] org.apache.catalina.startup.HostConfig.deployDescriptor Deployment of deployment descriptor [C:\Users\2dawa\Documents\GitHub\JavaSpring\GaleriaImagenesSerafin\src\main\resources\conf\Catalina\localhost\galeriaAleSP.xml] has finished in [6.084] ms
12-Jan-2024 12:26:10.544 INFO [main] org.apache.coyote.AbstractProtocol.start Starting ProtocolHandler ["http-nio-8080"]
12-Jan-2024 12:26:10.607 INFO [main] org.apache.catalina.startup.Catalina.start Server startup in [6214] milliseconds
12-Jan-2024 12:26:27.648 INFO [Thread-3] org.apache.coyote.AbstractProtocol.pause Pausing ProtocolHandler ["http-nio-8080"]
12-Jan-2024 12:26:27.656 INFO [Thread-3] org.apache.catalina.core.StandardService.stopInternal Parando servicio [Catalina]
12-Jan-2024 12:26:27.686 INFO [Thread-3] org.apache.coyote.AbstractProtocol.stop Stopping ProtocolHandler ["http-nio-8080"]
12-Jan-2024 12:26:27.692 INFO [Thread-3] org.apache.coyote.AbstractProtocol.destroy Destroying ProtocolHandler ["http-nio-8080"]
12-Jan-2024 12:26:29.302 INFO [main] org.apache.catalina.startup.VersionLoggerListener.log Nombre de la versión del servidor: Apache Tomcat/10.1.17
12-Jan-2024 12:26:29.308 INFO [main] org.apache.catalina.startup.VersionLoggerListener.log Server built:                      Dec 7 2023 23:31:38 UTC
12-Jan-2024 12:26:29.308 INFO [main] org.apache.catalina.startup.VersionLoggerListener.log Número de versión de servidor:     10.1.17.0
12-Jan-2024 12:26:29.308 INFO [main] org.apache.catalina.startup.VersionLoggerListener.log OS Name:                           Windows 11
12-Jan-2024 12:26:29.308 INFO [main] org.apache.catalina.startup.VersionLoggerListener.log Versión de Systema Operativo:      10.0
12-Jan-2024 12:26:29.308 INFO [main] org.apache.catalina.startup.VersionLoggerListener.log Arquitectura:                      amd64
12-Jan-2024 12:26:29.308 INFO [main] org.apache.catalina.startup.VersionLoggerListener.log Java Home:                         C:\Program Files\Java\jdk-20
12-Jan-2024 12:26:29.309 INFO [main] org.apache.catalina.startup.VersionLoggerListener.log JVM Version:                       20.0.1+9-29
12-Jan-2024 12:26:29.309 INFO [main] org.apache.catalina.startup.VersionLoggerListener.log Vededor JVM:                       Oracle Corporation
12-Jan-2024 12:26:29.309 INFO [main] org.apache.catalina.startup.VersionLoggerListener.log CATALINA_BASE:                     C:\Users\2dawa\Documents\GitHub\JavaSpring\GaleriaImagenesSerafin\src\main\resources
12-Jan-2024 12:26:29.309 INFO [main] org.apache.catalina.startup.VersionLoggerListener.log CATALINA_HOME:                     C:\Users\2dawa\Downloads\apache-tomcat-10.1.17
12-Jan-2024 12:26:29.320 INFO [main] org.apache.catalina.startup.VersionLoggerListener.log Command line argument:             --add-opens=java.base/java.lang=ALL-UNNAMED
12-Jan-2024 12:26:29.320 INFO [main] org.apache.catalina.startup.VersionLoggerListener.log Command line argument:             --add-opens=java.base/java.io=ALL-UNNAMED
12-Jan-2024 12:26:29.321 INFO [main] org.apache.catalina.startup.VersionLoggerListener.log Command line argument:             --add-opens=java.base/java.util=ALL-UNNAMED
12-Jan-2024 12:26:29.321 INFO [main] org.apache.catalina.startup.VersionLoggerListener.log Command line argument:             --add-opens=java.base/java.util.concurrent=ALL-UNNAMED
12-Jan-2024 12:26:29.322 INFO [main] org.apache.catalina.startup.VersionLoggerListener.log Command line argument:             --add-opens=java.rmi/sun.rmi.transport=ALL-UNNAMED
12-Jan-2024 12:26:29.322 INFO [main] org.apache.catalina.startup.VersionLoggerListener.log Command line argument:             -Dcatalina.home=C:\Users\2dawa\Downloads\apache-tomcat-10.1.17
12-Jan-2024 12:26:29.322 INFO [main] org.apache.catalina.startup.VersionLoggerListener.log Command line argument:             -Dcatalina.base=C:\Users\2dawa\Documents\GitHub\JavaSpring\GaleriaImagenesSerafin\src\main\resources
12-Jan-2024 12:26:29.322 INFO [main] org.apache.catalina.startup.VersionLoggerListener.log Command line argument:             -Djava.io.tmpdir=C:\Users\2dawa\Documents\GitHub\JavaSpring\GaleriaImagenesSerafin\src\main\resources\temp
12-Jan-2024 12:26:29.323 INFO [main] org.apache.catalina.startup.VersionLoggerListener.log Command line argument:             -Djava.util.logging.config.file=C:\Users\2dawa\Documents\GitHub\JavaSpring\GaleriaImagenesSerafin\src\main\resources\conf\logging.properties
12-Jan-2024 12:26:29.325 INFO [main] org.apache.catalina.startup.VersionLoggerListener.log Command line argument:             -Djava.util.logging.manager=org.apache.juli.ClassLoaderLogManager
12-Jan-2024 12:26:29.326 INFO [main] org.apache.catalina.startup.VersionLoggerListener.log Command line argument:             -javaagent:C:\Program Files\JetBrains\IntelliJ IDEA Community Edition 2023.3\lib\idea_rt.jar=60617:C:\Program Files\JetBrains\IntelliJ IDEA Community Edition 2023.3\bin
12-Jan-2024 12:26:29.327 INFO [main] org.apache.catalina.startup.VersionLoggerListener.log Command line argument:             -Dfile.encoding=UTF-8
12-Jan-2024 12:26:29.327 INFO [main] org.apache.catalina.startup.VersionLoggerListener.log Command line argument:             -Dsun.stdout.encoding=UTF-8
12-Jan-2024 12:26:29.327 INFO [main] org.apache.catalina.startup.VersionLoggerListener.log Command line argument:             -Dsun.stderr.encoding=UTF-8
12-Jan-2024 12:26:29.331 INFO [main] org.apache.catalina.core.AprLifecycleListener.lifecycleEvent Cargada la biblioteca nativa APR de Apache Tomcat [2.0.6] con la versión APR [1.7.4].
12-Jan-2024 12:26:29.336 INFO [main] org.apache.catalina.core.AprLifecycleListener.initializeSSL OpenSSL inicializado correctamente [OpenSSL 3.0.11 19 Sep 2023]
12-Jan-2024 12:26:29.672 INFO [main] org.apache.coyote.AbstractProtocol.init Inicializando el manejador de protocolo ["http-nio-8080"]

12-Jan-2024 12:26:29.693 INFO [main] org.apache.catalina.startup.Catalina.load Server initialization in [601] milliseconds
12-Jan-2024 12:26:29.750 INFO [main] org.apache.catalina.core.StandardService.startInternal Arrancando servicio [Catalina]
12-Jan-2024 12:26:29.750 INFO [main] org.apache.catalina.core.StandardEngine.startInternal Starting Servlet engine: [Apache Tomcat/10.1.17]
12-Jan-2024 12:26:29.764 INFO [main] org.apache.catalina.startup.HostConfig.deployDescriptor Desplieque del descriptor de configuración [C:\Users\2dawa\Documents\GitHub\JavaSpring\GaleriaImagenesSerafin\src\main\resources\conf\Catalina\localhost\galeriaAleSP.xml]
12-Jan-2024 12:26:32.234 INFO [main] org.apache.jasper.servlet.TldScanner.scanJars Al menos un JAR, que se ha explorado buscando TLDs, aún no contenía TLDs. Activar historial de depuración para este historiador para una completa lista de los JARs que fueron explorados y de los que nos se halló TLDs. Saltarse JARs no necesarios durante la exploración puede dar lugar a una mejora de tiempo significativa en el arranque y compilación de JSP .
12-Jan-2024 12:26:35.786 INFO [main] org.apache.catalina.startup.HostConfig.deployDescriptor Deployment of deployment descriptor [C:\Users\2dawa\Documents\GitHub\JavaSpring\GaleriaImagenesSerafin\src\main\resources\conf\Catalina\localhost\galeriaAleSP.xml] has finished in [6.022] ms
12-Jan-2024 12:26:35.789 INFO [main] org.apache.coyote.AbstractProtocol.start Starting ProtocolHandler ["http-nio-8080"]
12-Jan-2024 12:26:35.842 INFO [main] org.apache.catalina.startup.Catalina.start Server startup in [6148] milliseconds
12-Jan-2024 12:27:23.794 INFO [Thread-3] org.apache.coyote.AbstractProtocol.pause Pausing ProtocolHandler ["http-nio-8080"]
12-Jan-2024 12:27:23.802 INFO [Thread-3] org.apache.catalina.core.StandardService.stopInternal Parando servicio [Catalina]
12-Jan-2024 12:27:23.831 INFO [Thread-3] org.apache.coyote.AbstractProtocol.stop Stopping ProtocolHandler ["http-nio-8080"]
12-Jan-2024 12:27:23.847 INFO [Thread-3] org.apache.coyote.AbstractProtocol.destroy Destroying ProtocolHandler ["http-nio-8080"]
12-Jan-2024 12:27:27.080 INFO [main] org.apache.catalina.startup.VersionLoggerListener.log Nombre de la versión del servidor: Apache Tomcat/10.1.17
12-Jan-2024 12:27:27.085 INFO [main] org.apache.catalina.startup.VersionLoggerListener.log Server built:                      Dec 7 2023 23:31:38 UTC
12-Jan-2024 12:27:27.085 INFO [main] org.apache.catalina.startup.VersionLoggerListener.log Número de versión de servidor:     10.1.17.0
12-Jan-2024 12:27:27.085 INFO [main] org.apache.catalina.startup.VersionLoggerListener.log OS Name:                           Windows 11
12-Jan-2024 12:27:27.086 INFO [main] org.apache.catalina.startup.VersionLoggerListener.log Versión de Systema Operativo:      10.0
12-Jan-2024 12:27:27.086 INFO [main] org.apache.catalina.startup.VersionLoggerListener.log Arquitectura:                      amd64
12-Jan-2024 12:27:27.086 INFO [main] org.apache.catalina.startup.VersionLoggerListener.log Java Home:                         C:\Program Files\Java\jdk-20
12-Jan-2024 12:27:27.086 INFO [main] org.apache.catalina.startup.VersionLoggerListener.log JVM Version:                       20.0.1+9-29
12-Jan-2024 12:27:27.086 INFO [main] org.apache.catalina.startup.VersionLoggerListener.log Vededor JVM:                       Oracle Corporation
12-Jan-2024 12:27:27.086 INFO [main] org.apache.catalina.startup.VersionLoggerListener.log CATALINA_BASE:                     C:\Users\2dawa\Documents\GitHub\JavaSpring\GaleriaImagenesSerafin\src\main\resources
12-Jan-2024 12:27:27.086 INFO [main] org.apache.catalina.startup.VersionLoggerListener.log CATALINA_HOME:                     C:\Users\2dawa\Downloads\apache-tomcat-10.1.17
12-Jan-2024 12:27:27.096 INFO [main] org.apache.catalina.startup.VersionLoggerListener.log Command line argument:             --add-opens=java.base/java.lang=ALL-UNNAMED
12-Jan-2024 12:27:27.096 INFO [main] org.apache.catalina.startup.VersionLoggerListener.log Command line argument:             --add-opens=java.base/java.io=ALL-UNNAMED
12-Jan-2024 12:27:27.097 INFO [main] org.apache.catalina.startup.VersionLoggerListener.log Command line argument:             --add-opens=java.base/java.util=ALL-UNNAMED
12-Jan-2024 12:27:27.097 INFO [main] org.apache.catalina.startup.VersionLoggerListener.log Command line argument:             --add-opens=java.base/java.util.concurrent=ALL-UNNAMED
12-Jan-2024 12:27:27.097 INFO [main] org.apache.catalina.startup.VersionLoggerListener.log Command line argument:             --add-opens=java.rmi/sun.rmi.transport=ALL-UNNAMED
12-Jan-2024 12:27:27.097 INFO [main] org.apache.catalina.startup.VersionLoggerListener.log Command line argument:             -Dcatalina.home=C:\Users\2dawa\Downloads\apache-tomcat-10.1.17
12-Jan-2024 12:27:27.097 INFO [main] org.apache.catalina.startup.VersionLoggerListener.log Command line argument:             -Dcatalina.base=C:\Users\2dawa\Documents\GitHub\JavaSpring\GaleriaImagenesSerafin\src\main\resources
12-Jan-2024 12:27:27.097 INFO [main] org.apache.catalina.startup.VersionLoggerListener.log Command line argument:             -Djava.io.tmpdir=C:\Users\2dawa\Documents\GitHub\JavaSpring\GaleriaImagenesSerafin\src\main\resources\temp
12-Jan-2024 12:27:27.099 INFO [main] org.apache.catalina.startup.VersionLoggerListener.log Command line argument:             -Djava.util.logging.config.file=C:\Users\2dawa\Documents\GitHub\JavaSpring\GaleriaImagenesSerafin\src\main\resources\conf\logging.properties
12-Jan-2024 12:27:27.099 INFO [main] org.apache.catalina.startup.VersionLoggerListener.log Command line argument:             -Djava.util.logging.manager=org.apache.juli.ClassLoaderLogManager
12-Jan-2024 12:27:27.100 INFO [main] org.apache.catalina.startup.VersionLoggerListener.log Command line argument:             -javaagent:C:\Program Files\JetBrains\IntelliJ IDEA Community Edition 2023.3\lib\idea_rt.jar=60627:C:\Program Files\JetBrains\IntelliJ IDEA Community Edition 2023.3\bin
12-Jan-2024 12:27:27.100 INFO [main] org.apache.catalina.startup.VersionLoggerListener.log Command line argument:             -Dfile.encoding=UTF-8
12-Jan-2024 12:27:27.100 INFO [main] org.apache.catalina.startup.VersionLoggerListener.log Command line argument:             -Dsun.stdout.encoding=UTF-8
12-Jan-2024 12:27:27.100 INFO [main] org.apache.catalina.startup.VersionLoggerListener.log Command line argument:             -Dsun.stderr.encoding=UTF-8
12-Jan-2024 12:27:27.103 INFO [main] org.apache.catalina.core.AprLifecycleListener.lifecycleEvent Cargada la biblioteca nativa APR de Apache Tomcat [2.0.6] con la versión APR [1.7.4].
12-Jan-2024 12:27:27.108 INFO [main] org.apache.catalina.core.AprLifecycleListener.initializeSSL OpenSSL inicializado correctamente [OpenSSL 3.0.11 19 Sep 2023]
12-Jan-2024 12:27:27.412 INFO [main] org.apache.coyote.AbstractProtocol.init Inicializando el manejador de protocolo ["http-nio-8080"]

12-Jan-2024 12:27:27.428 INFO [main] org.apache.catalina.startup.Catalina.load Server initialization in [590] milliseconds
12-Jan-2024 12:27:27.472 INFO [main] org.apache.catalina.core.StandardService.startInternal Arrancando servicio [Catalina]
12-Jan-2024 12:27:27.472 INFO [main] org.apache.catalina.core.StandardEngine.startInternal Starting Servlet engine: [Apache Tomcat/10.1.17]
12-Jan-2024 12:27:27.484 INFO [main] org.apache.catalina.startup.HostConfig.deployDescriptor Desplieque del descriptor de configuración [C:\Users\2dawa\Documents\GitHub\JavaSpring\GaleriaImagenesSerafin\src\main\resources\conf\Catalina\localhost\galeriaAleSP.xml]
12-Jan-2024 12:27:29.948 INFO [main] org.apache.jasper.servlet.TldScanner.scanJars Al menos un JAR, que se ha explorado buscando TLDs, aún no contenía TLDs. Activar historial de depuración para este historiador para una completa lista de los JARs que fueron explorados y de los que nos se halló TLDs. Saltarse JARs no necesarios durante la exploración puede dar lugar a una mejora de tiempo significativa en el arranque y compilación de JSP .
12-Jan-2024 12:27:33.431 INFO [main] org.apache.catalina.startup.HostConfig.deployDescriptor Deployment of deployment descriptor [C:\Users\2dawa\Documents\GitHub\JavaSpring\GaleriaImagenesSerafin\src\main\resources\conf\Catalina\localhost\galeriaAleSP.xml] has finished in [5.946] ms
12-Jan-2024 12:27:33.434 INFO [main] org.apache.coyote.AbstractProtocol.start Starting ProtocolHandler ["http-nio-8080"]
12-Jan-2024 12:27:33.495 INFO [main] org.apache.catalina.startup.Catalina.start Server startup in [6066] milliseconds
12-Jan-2024 12:27:49.463 INFO [Thread-3] org.apache.coyote.AbstractProtocol.pause Pausing ProtocolHandler ["http-nio-8080"]
12-Jan-2024 12:27:49.472 INFO [Thread-3] org.apache.catalina.core.StandardService.stopInternal Parando servicio [Catalina]
12-Jan-2024 12:27:49.498 INFO [Thread-3] org.apache.coyote.AbstractProtocol.stop Stopping ProtocolHandler ["http-nio-8080"]
12-Jan-2024 12:27:49.507 INFO [Thread-3] org.apache.coyote.AbstractProtocol.destroy Destroying ProtocolHandler ["http-nio-8080"]
12-Jan-2024 12:28:05.034 INFO [main] org.apache.catalina.startup.VersionLoggerListener.log Nombre de la versión del servidor: Apache Tomcat/10.1.17
12-Jan-2024 12:28:05.039 INFO [main] org.apache.catalina.startup.VersionLoggerListener.log Server built:                      Dec 7 2023 23:31:38 UTC
12-Jan-2024 12:28:05.039 INFO [main] org.apache.catalina.startup.VersionLoggerListener.log Número de versión de servidor:     10.1.17.0
12-Jan-2024 12:28:05.040 INFO [main] org.apache.catalina.startup.VersionLoggerListener.log OS Name:                           Windows 11
12-Jan-2024 12:28:05.040 INFO [main] org.apache.catalina.startup.VersionLoggerListener.log Versión de Systema Operativo:      10.0
12-Jan-2024 12:28:05.040 INFO [main] org.apache.catalina.startup.VersionLoggerListener.log Arquitectura:                      amd64
12-Jan-2024 12:28:05.040 INFO [main] org.apache.catalina.startup.VersionLoggerListener.log Java Home:                         C:\Program Files\Java\jdk-20
12-Jan-2024 12:28:05.041 INFO [main] org.apache.catalina.startup.VersionLoggerListener.log JVM Version:                       20.0.1+9-29
12-Jan-2024 12:28:05.041 INFO [main] org.apache.catalina.startup.VersionLoggerListener.log Vededor JVM:                       Oracle Corporation
12-Jan-2024 12:28:05.041 INFO [main] org.apache.catalina.startup.VersionLoggerListener.log CATALINA_BASE:                     C:\Users\2dawa\Documents\GitHub\JavaSpring\GaleriaImagenesSerafin\src\main\resources
12-Jan-2024 12:28:05.041 INFO [main] org.apache.catalina.startup.VersionLoggerListener.log CATALINA_HOME:                     C:\Users\2dawa\Downloads\apache-tomcat-10.1.17
12-Jan-2024 12:28:05.050 INFO [main] org.apache.catalina.startup.VersionLoggerListener.log Command line argument:             --add-opens=java.base/java.lang=ALL-UNNAMED
12-Jan-2024 12:28:05.051 INFO [main] org.apache.catalina.startup.VersionLoggerListener.log Command line argument:             --add-opens=java.base/java.io=ALL-UNNAMED
12-Jan-2024 12:28:05.051 INFO [main] org.apache.catalina.startup.VersionLoggerListener.log Command line argument:             --add-opens=java.base/java.util=ALL-UNNAMED
12-Jan-2024 12:28:05.051 INFO [main] org.apache.catalina.startup.VersionLoggerListener.log Command line argument:             --add-opens=java.base/java.util.concurrent=ALL-UNNAMED
12-Jan-2024 12:28:05.051 INFO [main] org.apache.catalina.startup.VersionLoggerListener.log Command line argument:             --add-opens=java.rmi/sun.rmi.transport=ALL-UNNAMED
12-Jan-2024 12:28:05.051 INFO [main] org.apache.catalina.startup.VersionLoggerListener.log Command line argument:             -Dcatalina.home=C:\Users\2dawa\Downloads\apache-tomcat-10.1.17
12-Jan-2024 12:28:05.053 INFO [main] org.apache.catalina.startup.VersionLoggerListener.log Command line argument:             -Dcatalina.base=C:\Users\2dawa\Documents\GitHub\JavaSpring\GaleriaImagenesSerafin\src\main\resources
12-Jan-2024 12:28:05.054 INFO [main] org.apache.catalina.startup.VersionLoggerListener.log Command line argument:             -Djava.io.tmpdir=C:\Users\2dawa\Documents\GitHub\JavaSpring\GaleriaImagenesSerafin\src\main\resources\temp
12-Jan-2024 12:28:05.055 INFO [main] org.apache.catalina.startup.VersionLoggerListener.log Command line argument:             -Djava.util.logging.config.file=C:\Users\2dawa\Documents\GitHub\JavaSpring\GaleriaImagenesSerafin\src\main\resources\conf\logging.properties
12-Jan-2024 12:28:05.056 INFO [main] org.apache.catalina.startup.VersionLoggerListener.log Command line argument:             -Djava.util.logging.manager=org.apache.juli.ClassLoaderLogManager
12-Jan-2024 12:28:05.056 INFO [main] org.apache.catalina.startup.VersionLoggerListener.log Command line argument:             -javaagent:C:\Program Files\JetBrains\IntelliJ IDEA Community Edition 2023.3\lib\idea_rt.jar=60636:C:\Program Files\JetBrains\IntelliJ IDEA Community Edition 2023.3\bin
12-Jan-2024 12:28:05.056 INFO [main] org.apache.catalina.startup.VersionLoggerListener.log Command line argument:             -Dfile.encoding=UTF-8
12-Jan-2024 12:28:05.057 INFO [main] org.apache.catalina.startup.VersionLoggerListener.log Command line argument:             -Dsun.stdout.encoding=UTF-8
12-Jan-2024 12:28:05.057 INFO [main] org.apache.catalina.startup.VersionLoggerListener.log Command line argument:             -Dsun.stderr.encoding=UTF-8
12-Jan-2024 12:28:05.060 INFO [main] org.apache.catalina.core.AprLifecycleListener.lifecycleEvent Cargada la biblioteca nativa APR de Apache Tomcat [2.0.6] con la versión APR [1.7.4].
12-Jan-2024 12:28:05.066 INFO [main] org.apache.catalina.core.AprLifecycleListener.initializeSSL OpenSSL inicializado correctamente [OpenSSL 3.0.11 19 Sep 2023]
12-Jan-2024 12:28:05.378 INFO [main] org.apache.coyote.AbstractProtocol.init Inicializando el manejador de protocolo ["http-nio-8080"]

12-Jan-2024 12:28:05.394 INFO [main] org.apache.catalina.startup.Catalina.load Server initialization in [568] milliseconds
12-Jan-2024 12:28:05.444 INFO [main] org.apache.catalina.core.StandardService.startInternal Arrancando servicio [Catalina]
12-Jan-2024 12:28:05.444 INFO [main] org.apache.catalina.core.StandardEngine.startInternal Starting Servlet engine: [Apache Tomcat/10.1.17]
12-Jan-2024 12:28:05.458 INFO [main] org.apache.catalina.startup.HostConfig.deployDescriptor Desplieque del descriptor de configuración [C:\Users\2dawa\Documents\GitHub\JavaSpring\GaleriaImagenesSerafin\src\main\resources\conf\Catalina\localhost\galeriaAleSP.xml]
12-Jan-2024 12:28:08.023 INFO [main] org.apache.jasper.servlet.TldScanner.scanJars Al menos un JAR, que se ha explorado buscando TLDs, aún no contenía TLDs. Activar historial de depuración para este historiador para una completa lista de los JARs que fueron explorados y de los que nos se halló TLDs. Saltarse JARs no necesarios durante la exploración puede dar lugar a una mejora de tiempo significativa en el arranque y compilación de JSP .
12-Jan-2024 12:28:11.615 INFO [main] org.apache.catalina.startup.HostConfig.deployDescriptor Deployment of deployment descriptor [C:\Users\2dawa\Documents\GitHub\JavaSpring\GaleriaImagenesSerafin\src\main\resources\conf\Catalina\localhost\galeriaAleSP.xml] has finished in [6.158] ms
12-Jan-2024 12:28:11.618 INFO [main] org.apache.coyote.AbstractProtocol.start Starting ProtocolHandler ["http-nio-8080"]
12-Jan-2024 12:28:11.672 INFO [main] org.apache.catalina.startup.Catalina.start Server startup in [6277] milliseconds
12-Jan-2024 12:29:13.768 INFO [Thread-3] org.apache.coyote.AbstractProtocol.pause Pausing ProtocolHandler ["http-nio-8080"]
12-Jan-2024 12:29:13.780 INFO [Thread-3] org.apache.catalina.core.StandardService.stopInternal Parando servicio [Catalina]
12-Jan-2024 12:29:13.871 INFO [Thread-3] org.apache.coyote.AbstractProtocol.stop Stopping ProtocolHandler ["http-nio-8080"]
12-Jan-2024 12:29:13.883 INFO [Thread-3] org.apache.coyote.AbstractProtocol.destroy Destroying ProtocolHandler ["http-nio-8080"]
12-Jan-2024 12:29:17.244 INFO [main] org.apache.catalina.startup.VersionLoggerListener.log Nombre de la versión del servidor: Apache Tomcat/10.1.17
12-Jan-2024 12:29:17.253 INFO [main] org.apache.catalina.startup.VersionLoggerListener.log Server built:                      Dec 7 2023 23:31:38 UTC
12-Jan-2024 12:29:17.253 INFO [main] org.apache.catalina.startup.VersionLoggerListener.log Número de versión de servidor:     10.1.17.0
12-Jan-2024 12:29:17.255 INFO [main] org.apache.catalina.startup.VersionLoggerListener.log OS Name:                           Windows 11
12-Jan-2024 12:29:17.255 INFO [main] org.apache.catalina.startup.VersionLoggerListener.log Versión de Systema Operativo:      10.0
12-Jan-2024 12:29:17.256 INFO [main] org.apache.catalina.startup.VersionLoggerListener.log Arquitectura:                      amd64
12-Jan-2024 12:29:17.258 INFO [main] org.apache.catalina.startup.VersionLoggerListener.log Java Home:                         C:\Program Files\Java\jdk-20
12-Jan-2024 12:29:17.258 INFO [main] org.apache.catalina.startup.VersionLoggerListener.log JVM Version:                       20.0.1+9-29
12-Jan-2024 12:29:17.258 INFO [main] org.apache.catalina.startup.VersionLoggerListener.log Vededor JVM:                       Oracle Corporation
12-Jan-2024 12:29:17.258 INFO [main] org.apache.catalina.startup.VersionLoggerListener.log CATALINA_BASE:                     C:\Users\2dawa\Documents\GitHub\JavaSpring\GaleriaImagenesSerafin\src\main\resources
12-Jan-2024 12:29:17.259 INFO [main] org.apache.catalina.startup.VersionLoggerListener.log CATALINA_HOME:                     C:\Users\2dawa\Downloads\apache-tomcat-10.1.17
12-Jan-2024 12:29:17.269 INFO [main] org.apache.catalina.startup.VersionLoggerListener.log Command line argument:             --add-opens=java.base/java.lang=ALL-UNNAMED
12-Jan-2024 12:29:17.269 INFO [main] org.apache.catalina.startup.VersionLoggerListener.log Command line argument:             --add-opens=java.base/java.io=ALL-UNNAMED
12-Jan-2024 12:29:17.269 INFO [main] org.apache.catalina.startup.VersionLoggerListener.log Command line argument:             --add-opens=java.base/java.util=ALL-UNNAMED
12-Jan-2024 12:29:17.269 INFO [main] org.apache.catalina.startup.VersionLoggerListener.log Command line argument:             --add-opens=java.base/java.util.concurrent=ALL-UNNAMED
12-Jan-2024 12:29:17.269 INFO [main] org.apache.catalina.startup.VersionLoggerListener.log Command line argument:             --add-opens=java.rmi/sun.rmi.transport=ALL-UNNAMED
12-Jan-2024 12:29:17.269 INFO [main] org.apache.catalina.startup.VersionLoggerListener.log Command line argument:             -Dcatalina.home=C:\Users\2dawa\Downloads\apache-tomcat-10.1.17
12-Jan-2024 12:29:17.270 INFO [main] org.apache.catalina.startup.VersionLoggerListener.log Command line argument:             -Dcatalina.base=C:\Users\2dawa\Documents\GitHub\JavaSpring\GaleriaImagenesSerafin\src\main\resources
12-Jan-2024 12:29:17.270 INFO [main] org.apache.catalina.startup.VersionLoggerListener.log Command line argument:             -Djava.io.tmpdir=C:\Users\2dawa\Documents\GitHub\JavaSpring\GaleriaImagenesSerafin\src\main\resources\temp
12-Jan-2024 12:29:17.270 INFO [main] org.apache.catalina.startup.VersionLoggerListener.log Command line argument:             -Djava.util.logging.config.file=C:\Users\2dawa\Documents\GitHub\JavaSpring\GaleriaImagenesSerafin\src\main\resources\conf\logging.properties
12-Jan-2024 12:29:17.270 INFO [main] org.apache.catalina.startup.VersionLoggerListener.log Command line argument:             -Djava.util.logging.manager=org.apache.juli.ClassLoaderLogManager
12-Jan-2024 12:29:17.271 INFO [main] org.apache.catalina.startup.VersionLoggerListener.log Command line argument:             -javaagent:C:\Program Files\JetBrains\IntelliJ IDEA Community Edition 2023.3\lib\idea_rt.jar=60665:C:\Program Files\JetBrains\IntelliJ IDEA Community Edition 2023.3\bin
12-Jan-2024 12:29:17.271 INFO [main] org.apache.catalina.startup.VersionLoggerListener.log Command line argument:             -Dfile.encoding=UTF-8
12-Jan-2024 12:29:17.271 INFO [main] org.apache.catalina.startup.VersionLoggerListener.log Command line argument:             -Dsun.stdout.encoding=UTF-8
12-Jan-2024 12:29:17.271 INFO [main] org.apache.catalina.startup.VersionLoggerListener.log Command line argument:             -Dsun.stderr.encoding=UTF-8
12-Jan-2024 12:29:17.274 INFO [main] org.apache.catalina.core.AprLifecycleListener.lifecycleEvent Cargada la biblioteca nativa APR de Apache Tomcat [2.0.6] con la versión APR [1.7.4].
12-Jan-2024 12:29:17.279 INFO [main] org.apache.catalina.core.AprLifecycleListener.initializeSSL OpenSSL inicializado correctamente [OpenSSL 3.0.11 19 Sep 2023]
12-Jan-2024 12:29:17.585 INFO [main] org.apache.coyote.AbstractProtocol.init Inicializando el manejador de protocolo ["http-nio-8080"]

12-Jan-2024 12:29:17.603 INFO [main] org.apache.catalina.startup.Catalina.load Server initialization in [579] milliseconds
12-Jan-2024 12:29:17.648 INFO [main] org.apache.catalina.core.StandardService.startInternal Arrancando servicio [Catalina]
12-Jan-2024 12:29:17.648 INFO [main] org.apache.catalina.core.StandardEngine.startInternal Starting Servlet engine: [Apache Tomcat/10.1.17]
12-Jan-2024 12:29:17.662 INFO [main] org.apache.catalina.startup.HostConfig.deployDescriptor Desplieque del descriptor de configuración [C:\Users\2dawa\Documents\GitHub\JavaSpring\GaleriaImagenesSerafin\src\main\resources\conf\Catalina\localhost\galeriaAleSP.xml]
12-Jan-2024 12:29:20.301 INFO [main] org.apache.jasper.servlet.TldScanner.scanJars Al menos un JAR, que se ha explorado buscando TLDs, aún no contenía TLDs. Activar historial de depuración para este historiador para una completa lista de los JARs que fueron explorados y de los que nos se halló TLDs. Saltarse JARs no necesarios durante la exploración puede dar lugar a una mejora de tiempo significativa en el arranque y compilación de JSP .
12-Jan-2024 12:29:23.969 INFO [main] org.apache.catalina.startup.HostConfig.deployDescriptor Deployment of deployment descriptor [C:\Users\2dawa\Documents\GitHub\JavaSpring\GaleriaImagenesSerafin\src\main\resources\conf\Catalina\localhost\galeriaAleSP.xml] has finished in [6.306] ms
12-Jan-2024 12:29:23.973 INFO [main] org.apache.coyote.AbstractProtocol.start Starting ProtocolHandler ["http-nio-8080"]
12-Jan-2024 12:29:24.032 INFO [main] org.apache.catalina.startup.Catalina.start Server startup in [6428] milliseconds
12-Jan-2024 12:30:15.919 INFO [Thread-3] org.apache.coyote.AbstractProtocol.pause Pausing ProtocolHandler ["http-nio-8080"]
12-Jan-2024 12:30:15.928 INFO [Thread-3] org.apache.catalina.core.StandardService.stopInternal Parando servicio [Catalina]
12-Jan-2024 12:30:15.955 INFO [Thread-3] org.apache.coyote.AbstractProtocol.stop Stopping ProtocolHandler ["http-nio-8080"]
12-Jan-2024 12:30:15.960 INFO [Thread-3] org.apache.coyote.AbstractProtocol.destroy Destroying ProtocolHandler ["http-nio-8080"]
12-Jan-2024 12:30:18.982 INFO [main] org.apache.catalina.startup.VersionLoggerListener.log Nombre de la versión del servidor: Apache Tomcat/10.1.17
12-Jan-2024 12:30:18.986 INFO [main] org.apache.catalina.startup.VersionLoggerListener.log Server built:                      Dec 7 2023 23:31:38 UTC
12-Jan-2024 12:30:18.986 INFO [main] org.apache.catalina.startup.VersionLoggerListener.log Número de versión de servidor:     10.1.17.0
12-Jan-2024 12:30:18.986 INFO [main] org.apache.catalina.startup.VersionLoggerListener.log OS Name:                           Windows 11
12-Jan-2024 12:30:18.987 INFO [main] org.apache.catalina.startup.VersionLoggerListener.log Versión de Systema Operativo:      10.0
12-Jan-2024 12:30:18.987 INFO [main] org.apache.catalina.startup.VersionLoggerListener.log Arquitectura:                      amd64
12-Jan-2024 12:30:18.987 INFO [main] org.apache.catalina.startup.VersionLoggerListener.log Java Home:                         C:\Program Files\Java\jdk-20
12-Jan-2024 12:30:18.987 INFO [main] org.apache.catalina.startup.VersionLoggerListener.log JVM Version:                       20.0.1+9-29
12-Jan-2024 12:30:18.987 INFO [main] org.apache.catalina.startup.VersionLoggerListener.log Vededor JVM:                       Oracle Corporation
12-Jan-2024 12:30:18.987 INFO [main] org.apache.catalina.startup.VersionLoggerListener.log CATALINA_BASE:                     C:\Users\2dawa\Documents\GitHub\JavaSpring\GaleriaImagenesSerafin\src\main\resources
12-Jan-2024 12:30:18.988 INFO [main] org.apache.catalina.startup.VersionLoggerListener.log CATALINA_HOME:                     C:\Users\2dawa\Downloads\apache-tomcat-10.1.17
12-Jan-2024 12:30:18.998 INFO [main] org.apache.catalina.startup.VersionLoggerListener.log Command line argument:             --add-opens=java.base/java.lang=ALL-UNNAMED
12-Jan-2024 12:30:18.998 INFO [main] org.apache.catalina.startup.VersionLoggerListener.log Command line argument:             --add-opens=java.base/java.io=ALL-UNNAMED
12-Jan-2024 12:30:18.998 INFO [main] org.apache.catalina.startup.VersionLoggerListener.log Command line argument:             --add-opens=java.base/java.util=ALL-UNNAMED
12-Jan-2024 12:30:18.998 INFO [main] org.apache.catalina.startup.VersionLoggerListener.log Command line argument:             --add-opens=java.base/java.util.concurrent=ALL-UNNAMED
12-Jan-2024 12:30:18.999 INFO [main] org.apache.catalina.startup.VersionLoggerListener.log Command line argument:             --add-opens=java.rmi/sun.rmi.transport=ALL-UNNAMED
12-Jan-2024 12:30:18.999 INFO [main] org.apache.catalina.startup.VersionLoggerListener.log Command line argument:             -Dcatalina.home=C:\Users\2dawa\Downloads\apache-tomcat-10.1.17
12-Jan-2024 12:30:18.999 INFO [main] org.apache.catalina.startup.VersionLoggerListener.log Command line argument:             -Dcatalina.base=C:\Users\2dawa\Documents\GitHub\JavaSpring\GaleriaImagenesSerafin\src\main\resources
12-Jan-2024 12:30:18.999 INFO [main] org.apache.catalina.startup.VersionLoggerListener.log Command line argument:             -Djava.io.tmpdir=C:\Users\2dawa\Documents\GitHub\JavaSpring\GaleriaImagenesSerafin\src\main\resources\temp
12-Jan-2024 12:30:19.000 INFO [main] org.apache.catalina.startup.VersionLoggerListener.log Command line argument:             -Djava.util.logging.config.file=C:\Users\2dawa\Documents\GitHub\JavaSpring\GaleriaImagenesSerafin\src\main\resources\conf\logging.properties
12-Jan-2024 12:30:19.001 INFO [main] org.apache.catalina.startup.VersionLoggerListener.log Command line argument:             -Djava.util.logging.manager=org.apache.juli.ClassLoaderLogManager
12-Jan-2024 12:30:19.001 INFO [main] org.apache.catalina.startup.VersionLoggerListener.log Command line argument:             -javaagent:C:\Program Files\JetBrains\IntelliJ IDEA Community Edition 2023.3\lib\idea_rt.jar=60703:C:\Program Files\JetBrains\IntelliJ IDEA Community Edition 2023.3\bin
12-Jan-2024 12:30:19.001 INFO [main] org.apache.catalina.startup.VersionLoggerListener.log Command line argument:             -Dfile.encoding=UTF-8
12-Jan-2024 12:30:19.001 INFO [main] org.apache.catalina.startup.VersionLoggerListener.log Command line argument:             -Dsun.stdout.encoding=UTF-8
12-Jan-2024 12:30:19.001 INFO [main] org.apache.catalina.startup.VersionLoggerListener.log Command line argument:             -Dsun.stderr.encoding=UTF-8
12-Jan-2024 12:30:19.004 INFO [main] org.apache.catalina.core.AprLifecycleListener.lifecycleEvent Cargada la biblioteca nativa APR de Apache Tomcat [2.0.6] con la versión APR [1.7.4].
12-Jan-2024 12:30:19.012 INFO [main] org.apache.catalina.core.AprLifecycleListener.initializeSSL OpenSSL inicializado correctamente [OpenSSL 3.0.11 19 Sep 2023]
12-Jan-2024 12:30:19.391 INFO [main] org.apache.coyote.AbstractProtocol.init Inicializando el manejador de protocolo ["http-nio-8080"]

12-Jan-2024 12:30:19.407 INFO [main] org.apache.catalina.startup.Catalina.load Server initialization in [641] milliseconds
12-Jan-2024 12:30:19.454 INFO [main] org.apache.catalina.core.StandardService.startInternal Arrancando servicio [Catalina]
12-Jan-2024 12:30:19.455 INFO [main] org.apache.catalina.core.StandardEngine.startInternal Starting Servlet engine: [Apache Tomcat/10.1.17]
12-Jan-2024 12:30:19.466 INFO [main] org.apache.catalina.startup.HostConfig.deployDescriptor Desplieque del descriptor de configuración [C:\Users\2dawa\Documents\GitHub\JavaSpring\GaleriaImagenesSerafin\src\main\resources\conf\Catalina\localhost\galeriaAleSP.xml]
12-Jan-2024 12:30:22.067 INFO [main] org.apache.jasper.servlet.TldScanner.scanJars Al menos un JAR, que se ha explorado buscando TLDs, aún no contenía TLDs. Activar historial de depuración para este historiador para una completa lista de los JARs que fueron explorados y de los que nos se halló TLDs. Saltarse JARs no necesarios durante la exploración puede dar lugar a una mejora de tiempo significativa en el arranque y compilación de JSP .
12-Jan-2024 12:30:25.641 INFO [main] org.apache.catalina.startup.HostConfig.deployDescriptor Deployment of deployment descriptor [C:\Users\2dawa\Documents\GitHub\JavaSpring\GaleriaImagenesSerafin\src\main\resources\conf\Catalina\localhost\galeriaAleSP.xml] has finished in [6.175] ms
12-Jan-2024 12:30:25.645 INFO [main] org.apache.coyote.AbstractProtocol.start Starting ProtocolHandler ["http-nio-8080"]
12-Jan-2024 12:30:25.703 INFO [main] org.apache.catalina.startup.Catalina.start Server startup in [6293] milliseconds
12-Jan-2024 12:32:07.343 INFO [Thread-3] org.apache.coyote.AbstractProtocol.pause Pausing ProtocolHandler ["http-nio-8080"]
12-Jan-2024 12:32:07.352 INFO [Thread-3] org.apache.catalina.core.StandardService.stopInternal Parando servicio [Catalina]
12-Jan-2024 12:32:07.380 INFO [Thread-3] org.apache.coyote.AbstractProtocol.stop Stopping ProtocolHandler ["http-nio-8080"]
12-Jan-2024 12:32:07.386 INFO [Thread-3] org.apache.coyote.AbstractProtocol.destroy Destroying ProtocolHandler ["http-nio-8080"]
12-Jan-2024 12:32:10.578 INFO [main] org.apache.catalina.startup.VersionLoggerListener.log Nombre de la versión del servidor: Apache Tomcat/10.1.17
12-Jan-2024 12:32:10.581 INFO [main] org.apache.catalina.startup.VersionLoggerListener.log Server built:                      Dec 7 2023 23:31:38 UTC
12-Jan-2024 12:32:10.582 INFO [main] org.apache.catalina.startup.VersionLoggerListener.log Número de versión de servidor:     10.1.17.0
12-Jan-2024 12:32:10.582 INFO [main] org.apache.catalina.startup.VersionLoggerListener.log OS Name:                           Windows 11
12-Jan-2024 12:32:10.582 INFO [main] org.apache.catalina.startup.VersionLoggerListener.log Versión de Systema Operativo:      10.0
12-Jan-2024 12:32:10.582 INFO [main] org.apache.catalina.startup.VersionLoggerListener.log Arquitectura:                      amd64
12-Jan-2024 12:32:10.582 INFO [main] org.apache.catalina.startup.VersionLoggerListener.log Java Home:                         C:\Program Files\Java\jdk-20
12-Jan-2024 12:32:10.582 INFO [main] org.apache.catalina.startup.VersionLoggerListener.log JVM Version:                       20.0.1+9-29
12-Jan-2024 12:32:10.582 INFO [main] org.apache.catalina.startup.VersionLoggerListener.log Vededor JVM:                       Oracle Corporation
12-Jan-2024 12:32:10.582 INFO [main] org.apache.catalina.startup.VersionLoggerListener.log CATALINA_BASE:                     C:\Users\2dawa\Documents\GitHub\JavaSpring\GaleriaImagenesSerafin\src\main\resources
12-Jan-2024 12:32:10.583 INFO [main] org.apache.catalina.startup.VersionLoggerListener.log CATALINA_HOME:                     C:\Users\2dawa\Downloads\apache-tomcat-10.1.17
12-Jan-2024 12:32:10.591 INFO [main] org.apache.catalina.startup.VersionLoggerListener.log Command line argument:             --add-opens=java.base/java.lang=ALL-UNNAMED
12-Jan-2024 12:32:10.591 INFO [main] org.apache.catalina.startup.VersionLoggerListener.log Command line argument:             --add-opens=java.base/java.io=ALL-UNNAMED
12-Jan-2024 12:32:10.591 INFO [main] org.apache.catalina.startup.VersionLoggerListener.log Command line argument:             --add-opens=java.base/java.util=ALL-UNNAMED
12-Jan-2024 12:32:10.592 INFO [main] org.apache.catalina.startup.VersionLoggerListener.log Command line argument:             --add-opens=java.base/java.util.concurrent=ALL-UNNAMED
12-Jan-2024 12:32:10.592 INFO [main] org.apache.catalina.startup.VersionLoggerListener.log Command line argument:             --add-opens=java.rmi/sun.rmi.transport=ALL-UNNAMED
12-Jan-2024 12:32:10.592 INFO [main] org.apache.catalina.startup.VersionLoggerListener.log Command line argument:             -Dcatalina.home=C:\Users\2dawa\Downloads\apache-tomcat-10.1.17
12-Jan-2024 12:32:10.592 INFO [main] org.apache.catalina.startup.VersionLoggerListener.log Command line argument:             -Dcatalina.base=C:\Users\2dawa\Documents\GitHub\JavaSpring\GaleriaImagenesSerafin\src\main\resources
12-Jan-2024 12:32:10.592 INFO [main] org.apache.catalina.startup.VersionLoggerListener.log Command line argument:             -Djava.io.tmpdir=C:\Users\2dawa\Documents\GitHub\JavaSpring\GaleriaImagenesSerafin\src\main\resources\temp
12-Jan-2024 12:32:10.592 INFO [main] org.apache.catalina.startup.VersionLoggerListener.log Command line argument:             -Djava.util.logging.config.file=C:\Users\2dawa\Documents\GitHub\JavaSpring\GaleriaImagenesSerafin\src\main\resources\conf\logging.properties
12-Jan-2024 12:32:10.592 INFO [main] org.apache.catalina.startup.VersionLoggerListener.log Command line argument:             -Djava.util.logging.manager=org.apache.juli.ClassLoaderLogManager
12-Jan-2024 12:32:10.592 INFO [main] org.apache.catalina.startup.VersionLoggerListener.log Command line argument:             -javaagent:C:\Program Files\JetBrains\IntelliJ IDEA Community Edition 2023.3\lib\idea_rt.jar=60771:C:\Program Files\JetBrains\IntelliJ IDEA Community Edition 2023.3\bin
12-Jan-2024 12:32:10.592 INFO [main] org.apache.catalina.startup.VersionLoggerListener.log Command line argument:             -Dfile.encoding=UTF-8
12-Jan-2024 12:32:10.593 INFO [main] org.apache.catalina.startup.VersionLoggerListener.log Command line argument:             -Dsun.stdout.encoding=UTF-8
12-Jan-2024 12:32:10.593 INFO [main] org.apache.catalina.startup.VersionLoggerListener.log Command line argument:             -Dsun.stderr.encoding=UTF-8
12-Jan-2024 12:32:10.596 INFO [main] org.apache.catalina.core.AprLifecycleListener.lifecycleEvent Cargada la biblioteca nativa APR de Apache Tomcat [2.0.6] con la versión APR [1.7.4].
12-Jan-2024 12:32:10.601 INFO [main] org.apache.catalina.core.AprLifecycleListener.initializeSSL OpenSSL inicializado correctamente [OpenSSL 3.0.11 19 Sep 2023]
12-Jan-2024 12:32:10.910 INFO [main] org.apache.coyote.AbstractProtocol.init Inicializando el manejador de protocolo ["http-nio-8080"]

12-Jan-2024 12:32:10.925 INFO [main] org.apache.catalina.startup.Catalina.load Server initialization in [580] milliseconds
12-Jan-2024 12:32:10.969 INFO [main] org.apache.catalina.core.StandardService.startInternal Arrancando servicio [Catalina]
12-Jan-2024 12:32:10.970 INFO [main] org.apache.catalina.core.StandardEngine.startInternal Starting Servlet engine: [Apache Tomcat/10.1.17]
12-Jan-2024 12:32:10.981 INFO [main] org.apache.catalina.startup.HostConfig.deployDescriptor Desplieque del descriptor de configuración [C:\Users\2dawa\Documents\GitHub\JavaSpring\GaleriaImagenesSerafin\src\main\resources\conf\Catalina\localhost\galeriaAleSP.xml]
12-Jan-2024 12:32:13.526 INFO [main] org.apache.jasper.servlet.TldScanner.scanJars Al menos un JAR, que se ha explorado buscando TLDs, aún no contenía TLDs. Activar historial de depuración para este historiador para una completa lista de los JARs que fueron explorados y de los que nos se halló TLDs. Saltarse JARs no necesarios durante la exploración puede dar lugar a una mejora de tiempo significativa en el arranque y compilación de JSP .
12-Jan-2024 12:32:17.055 INFO [main] org.apache.catalina.startup.HostConfig.deployDescriptor Deployment of deployment descriptor [C:\Users\2dawa\Documents\GitHub\JavaSpring\GaleriaImagenesSerafin\src\main\resources\conf\Catalina\localhost\galeriaAleSP.xml] has finished in [6.073] ms
12-Jan-2024 12:32:17.057 INFO [main] org.apache.coyote.AbstractProtocol.start Starting ProtocolHandler ["http-nio-8080"]
12-Jan-2024 12:32:17.113 INFO [main] org.apache.catalina.startup.Catalina.start Server startup in [6186] milliseconds
12-Jan-2024 12:32:59.109 INFO [Thread-3] org.apache.coyote.AbstractProtocol.pause Pausing ProtocolHandler ["http-nio-8080"]
12-Jan-2024 12:32:59.118 INFO [Thread-3] org.apache.catalina.core.StandardService.stopInternal Parando servicio [Catalina]
12-Jan-2024 12:32:59.145 INFO [Thread-3] org.apache.coyote.AbstractProtocol.stop Stopping ProtocolHandler ["http-nio-8080"]
12-Jan-2024 12:32:59.151 INFO [Thread-3] org.apache.coyote.AbstractProtocol.destroy Destroying ProtocolHandler ["http-nio-8080"]
12-Jan-2024 12:40:01.901 INFO [main] org.apache.catalina.startup.VersionLoggerListener.log Nombre de la versión del servidor: Apache Tomcat/10.1.17
12-Jan-2024 12:40:01.909 INFO [main] org.apache.catalina.startup.VersionLoggerListener.log Server built:                      Dec 7 2023 23:31:38 UTC
12-Jan-2024 12:40:01.910 INFO [main] org.apache.catalina.startup.VersionLoggerListener.log Número de versión de servidor:     10.1.17.0
12-Jan-2024 12:40:01.910 INFO [main] org.apache.catalina.startup.VersionLoggerListener.log OS Name:                           Windows 11
12-Jan-2024 12:40:01.911 INFO [main] org.apache.catalina.startup.VersionLoggerListener.log Versión de Systema Operativo:      10.0
12-Jan-2024 12:40:01.911 INFO [main] org.apache.catalina.startup.VersionLoggerListener.log Arquitectura:                      amd64
12-Jan-2024 12:40:01.913 INFO [main] org.apache.catalina.startup.VersionLoggerListener.log Java Home:                         C:\Program Files\Java\jdk-20
12-Jan-2024 12:40:01.913 INFO [main] org.apache.catalina.startup.VersionLoggerListener.log JVM Version:                       20.0.1+9-29
12-Jan-2024 12:40:01.913 INFO [main] org.apache.catalina.startup.VersionLoggerListener.log Vededor JVM:                       Oracle Corporation
12-Jan-2024 12:40:01.914 INFO [main] org.apache.catalina.startup.VersionLoggerListener.log CATALINA_BASE:                     C:\Users\2dawa\Documents\GitHub\JavaSpring\GaleriaImagenesSerafin\src\main\resources
12-Jan-2024 12:40:01.914 INFO [main] org.apache.catalina.startup.VersionLoggerListener.log CATALINA_HOME:                     C:\Users\2dawa\Downloads\apache-tomcat-10.1.17
12-Jan-2024 12:40:01.928 INFO [main] org.apache.catalina.startup.VersionLoggerListener.log Command line argument:             --add-opens=java.base/java.lang=ALL-UNNAMED
12-Jan-2024 12:40:01.928 INFO [main] org.apache.catalina.startup.VersionLoggerListener.log Command line argument:             --add-opens=java.base/java.io=ALL-UNNAMED
12-Jan-2024 12:40:01.928 INFO [main] org.apache.catalina.startup.VersionLoggerListener.log Command line argument:             --add-opens=java.base/java.util=ALL-UNNAMED
12-Jan-2024 12:40:01.928 INFO [main] org.apache.catalina.startup.VersionLoggerListener.log Command line argument:             --add-opens=java.base/java.util.concurrent=ALL-UNNAMED
12-Jan-2024 12:40:01.929 INFO [main] org.apache.catalina.startup.VersionLoggerListener.log Command line argument:             --add-opens=java.rmi/sun.rmi.transport=ALL-UNNAMED
12-Jan-2024 12:40:01.929 INFO [main] org.apache.catalina.startup.VersionLoggerListener.log Command line argument:             -Dcatalina.home=C:\Users\2dawa\Downloads\apache-tomcat-10.1.17
12-Jan-2024 12:40:01.931 INFO [main] org.apache.catalina.startup.VersionLoggerListener.log Command line argument:             -Dcatalina.base=C:\Users\2dawa\Documents\GitHub\JavaSpring\GaleriaImagenesSerafin\src\main\resources
12-Jan-2024 12:40:01.932 INFO [main] org.apache.catalina.startup.VersionLoggerListener.log Command line argument:             -Djava.io.tmpdir=C:\Users\2dawa\Documents\GitHub\JavaSpring\GaleriaImagenesSerafin\src\main\resources\temp
12-Jan-2024 12:40:01.932 INFO [main] org.apache.catalina.startup.VersionLoggerListener.log Command line argument:             -Djava.util.logging.config.file=C:\Users\2dawa\Documents\GitHub\JavaSpring\GaleriaImagenesSerafin\src\main\resources\conf\logging.properties
12-Jan-2024 12:40:01.932 INFO [main] org.apache.catalina.startup.VersionLoggerListener.log Command line argument:             -Djava.util.logging.manager=org.apache.juli.ClassLoaderLogManager
12-Jan-2024 12:40:01.933 INFO [main] org.apache.catalina.startup.VersionLoggerListener.log Command line argument:             -javaagent:C:\Program Files\JetBrains\IntelliJ IDEA Community Edition 2023.3\lib\idea_rt.jar=60985:C:\Program Files\JetBrains\IntelliJ IDEA Community Edition 2023.3\bin
12-Jan-2024 12:40:01.933 INFO [main] org.apache.catalina.startup.VersionLoggerListener.log Command line argument:             -Dfile.encoding=UTF-8
12-Jan-2024 12:40:01.933 INFO [main] org.apache.catalina.startup.VersionLoggerListener.log Command line argument:             -Dsun.stdout.encoding=UTF-8
12-Jan-2024 12:40:01.933 INFO [main] org.apache.catalina.startup.VersionLoggerListener.log Command line argument:             -Dsun.stderr.encoding=UTF-8
12-Jan-2024 12:40:01.936 INFO [main] org.apache.catalina.core.AprLifecycleListener.lifecycleEvent Cargada la biblioteca nativa APR de Apache Tomcat [2.0.6] con la versión APR [1.7.4].
12-Jan-2024 12:40:01.941 INFO [main] org.apache.catalina.core.AprLifecycleListener.initializeSSL OpenSSL inicializado correctamente [OpenSSL 3.0.11 19 Sep 2023]
12-Jan-2024 12:40:02.256 INFO [main] org.apache.coyote.AbstractProtocol.init Inicializando el manejador de protocolo ["http-nio-8080"]

12-Jan-2024 12:40:02.272 INFO [main] org.apache.catalina.startup.Catalina.load Server initialization in [612] milliseconds
12-Jan-2024 12:40:02.316 INFO [main] org.apache.catalina.core.StandardService.startInternal Arrancando servicio [Catalina]
12-Jan-2024 12:40:02.316 INFO [main] org.apache.catalina.core.StandardEngine.startInternal Starting Servlet engine: [Apache Tomcat/10.1.17]
12-Jan-2024 12:40:02.329 INFO [main] org.apache.catalina.startup.HostConfig.deployDescriptor Desplieque del descriptor de configuración [C:\Users\2dawa\Documents\GitHub\JavaSpring\GaleriaImagenesSerafin\src\main\resources\conf\Catalina\localhost\galeriaAleSP.xml]
12-Jan-2024 12:40:04.844 INFO [main] org.apache.jasper.servlet.TldScanner.scanJars Al menos un JAR, que se ha explorado buscando TLDs, aún no contenía TLDs. Activar historial de depuración para este historiador para una completa lista de los JARs que fueron explorados y de los que nos se halló TLDs. Saltarse JARs no necesarios durante la exploración puede dar lugar a una mejora de tiempo significativa en el arranque y compilación de JSP .
12-Jan-2024 12:40:08.477 INFO [main] org.apache.catalina.startup.HostConfig.deployDescriptor Deployment of deployment descriptor [C:\Users\2dawa\Documents\GitHub\JavaSpring\GaleriaImagenesSerafin\src\main\resources\conf\Catalina\localhost\galeriaAleSP.xml] has finished in [6.148] ms
12-Jan-2024 12:40:08.479 INFO [main] org.apache.coyote.AbstractProtocol.start Starting ProtocolHandler ["http-nio-8080"]
12-Jan-2024 12:40:08.534 INFO [main] org.apache.catalina.startup.Catalina.start Server startup in [6261] milliseconds
12-Jan-2024 12:41:09.564 INFO [Thread-3] org.apache.coyote.AbstractProtocol.pause Pausing ProtocolHandler ["http-nio-8080"]
12-Jan-2024 12:41:09.573 INFO [Thread-3] org.apache.catalina.core.StandardService.stopInternal Parando servicio [Catalina]
12-Jan-2024 12:41:09.604 INFO [Thread-3] org.apache.coyote.AbstractProtocol.stop Stopping ProtocolHandler ["http-nio-8080"]
12-Jan-2024 12:41:09.623 INFO [Thread-3] org.apache.coyote.AbstractProtocol.destroy Destroying ProtocolHandler ["http-nio-8080"]
12-Jan-2024 12:41:28.862 INFO [main] org.apache.catalina.startup.VersionLoggerListener.log Nombre de la versión del servidor: Apache Tomcat/10.1.17
12-Jan-2024 12:41:28.868 INFO [main] org.apache.catalina.startup.VersionLoggerListener.log Server built:                      Dec 7 2023 23:31:38 UTC
12-Jan-2024 12:41:28.868 INFO [main] org.apache.catalina.startup.VersionLoggerListener.log Número de versión de servidor:     10.1.17.0
12-Jan-2024 12:41:28.869 INFO [main] org.apache.catalina.startup.VersionLoggerListener.log OS Name:                           Windows 11
12-Jan-2024 12:41:28.869 INFO [main] org.apache.catalina.startup.VersionLoggerListener.log Versión de Systema Operativo:      10.0
12-Jan-2024 12:41:28.869 INFO [main] org.apache.catalina.startup.VersionLoggerListener.log Arquitectura:                      amd64
12-Jan-2024 12:41:28.869 INFO [main] org.apache.catalina.startup.VersionLoggerListener.log Java Home:                         C:\Program Files\Java\jdk-20
12-Jan-2024 12:41:28.870 INFO [main] org.apache.catalina.startup.VersionLoggerListener.log JVM Version:                       20.0.1+9-29
12-Jan-2024 12:41:28.870 INFO [main] org.apache.catalina.startup.VersionLoggerListener.log Vededor JVM:                       Oracle Corporation
12-Jan-2024 12:41:28.870 INFO [main] org.apache.catalina.startup.VersionLoggerListener.log CATALINA_BASE:                     C:\Users\2dawa\Documents\GitHub\JavaSpring\GaleriaImagenesSerafin\src\main\resources
12-Jan-2024 12:41:28.870 INFO [main] org.apache.catalina.startup.VersionLoggerListener.log CATALINA_HOME:                     C:\Users\2dawa\Downloads\apache-tomcat-10.1.17
12-Jan-2024 12:41:28.880 INFO [main] org.apache.catalina.startup.VersionLoggerListener.log Command line argument:             --add-opens=java.base/java.lang=ALL-UNNAMED
12-Jan-2024 12:41:28.880 INFO [main] org.apache.catalina.startup.VersionLoggerListener.log Command line argument:             --add-opens=java.base/java.io=ALL-UNNAMED
12-Jan-2024 12:41:28.880 INFO [main] org.apache.catalina.startup.VersionLoggerListener.log Command line argument:             --add-opens=java.base/java.util=ALL-UNNAMED
12-Jan-2024 12:41:28.880 INFO [main] org.apache.catalina.startup.VersionLoggerListener.log Command line argument:             --add-opens=java.base/java.util.concurrent=ALL-UNNAMED
12-Jan-2024 12:41:28.880 INFO [main] org.apache.catalina.startup.VersionLoggerListener.log Command line argument:             --add-opens=java.rmi/sun.rmi.transport=ALL-UNNAMED
12-Jan-2024 12:41:28.880 INFO [main] org.apache.catalina.startup.VersionLoggerListener.log Command line argument:             -Dcatalina.home=C:\Users\2dawa\Downloads\apache-tomcat-10.1.17
12-Jan-2024 12:41:28.880 INFO [main] org.apache.catalina.startup.VersionLoggerListener.log Command line argument:             -Dcatalina.base=C:\Users\2dawa\Documents\GitHub\JavaSpring\GaleriaImagenesSerafin\src\main\resources
12-Jan-2024 12:41:28.880 INFO [main] org.apache.catalina.startup.VersionLoggerListener.log Command line argument:             -Djava.io.tmpdir=C:\Users\2dawa\Documents\GitHub\JavaSpring\GaleriaImagenesSerafin\src\main\resources\temp
12-Jan-2024 12:41:28.880 INFO [main] org.apache.catalina.startup.VersionLoggerListener.log Command line argument:             -Djava.util.logging.config.file=C:\Users\2dawa\Documents\GitHub\JavaSpring\GaleriaImagenesSerafin\src\main\resources\conf\logging.properties
12-Jan-2024 12:41:28.880 INFO [main] org.apache.catalina.startup.VersionLoggerListener.log Command line argument:             -Djava.util.logging.manager=org.apache.juli.ClassLoaderLogManager
12-Jan-2024 12:41:28.880 INFO [main] org.apache.catalina.startup.VersionLoggerListener.log Command line argument:             -javaagent:C:\Program Files\JetBrains\IntelliJ IDEA Community Edition 2023.3\lib\idea_rt.jar=60995:C:\Program Files\JetBrains\IntelliJ IDEA Community Edition 2023.3\bin
12-Jan-2024 12:41:28.880 INFO [main] org.apache.catalina.startup.VersionLoggerListener.log Command line argument:             -Dfile.encoding=UTF-8
12-Jan-2024 12:41:28.881 INFO [main] org.apache.catalina.startup.VersionLoggerListener.log Command line argument:             -Dsun.stdout.encoding=UTF-8
12-Jan-2024 12:41:28.881 INFO [main] org.apache.catalina.startup.VersionLoggerListener.log Command line argument:             -Dsun.stderr.encoding=UTF-8
12-Jan-2024 12:41:28.884 INFO [main] org.apache.catalina.core.AprLifecycleListener.lifecycleEvent Cargada la biblioteca nativa APR de Apache Tomcat [2.0.6] con la versión APR [1.7.4].
12-Jan-2024 12:41:28.889 INFO [main] org.apache.catalina.core.AprLifecycleListener.initializeSSL OpenSSL inicializado correctamente [OpenSSL 3.0.11 19 Sep 2023]
12-Jan-2024 12:41:29.245 INFO [main] org.apache.coyote.AbstractProtocol.init Inicializando el manejador de protocolo ["http-nio-8080"]

12-Jan-2024 12:41:29.271 INFO [main] org.apache.catalina.startup.Catalina.load Server initialization in [676] milliseconds
12-Jan-2024 12:41:29.343 INFO [main] org.apache.catalina.core.StandardService.startInternal Arrancando servicio [Catalina]
12-Jan-2024 12:41:29.343 INFO [main] org.apache.catalina.core.StandardEngine.startInternal Starting Servlet engine: [Apache Tomcat/10.1.17]
12-Jan-2024 12:41:29.365 INFO [main] org.apache.catalina.startup.HostConfig.deployDescriptor Desplieque del descriptor de configuración [C:\Users\2dawa\Documents\GitHub\JavaSpring\GaleriaImagenesSerafin\src\main\resources\conf\Catalina\localhost\galeriaAleSP.xml]
12-Jan-2024 12:41:31.828 INFO [main] org.apache.jasper.servlet.TldScanner.scanJars Al menos un JAR, que se ha explorado buscando TLDs, aún no contenía TLDs. Activar historial de depuración para este historiador para una completa lista de los JARs que fueron explorados y de los que nos se halló TLDs. Saltarse JARs no necesarios durante la exploración puede dar lugar a una mejora de tiempo significativa en el arranque y compilación de JSP .
12-Jan-2024 12:41:35.502 INFO [main] org.apache.catalina.startup.HostConfig.deployDescriptor Deployment of deployment descriptor [C:\Users\2dawa\Documents\GitHub\JavaSpring\GaleriaImagenesSerafin\src\main\resources\conf\Catalina\localhost\galeriaAleSP.xml] has finished in [6.137] ms
12-Jan-2024 12:41:35.513 INFO [main] org.apache.coyote.AbstractProtocol.start Starting ProtocolHandler ["http-nio-8080"]
12-Jan-2024 12:41:35.570 INFO [main] org.apache.catalina.startup.Catalina.start Server startup in [6294] milliseconds
12-Jan-2024 12:42:44.382 INFO [Thread-3] org.apache.coyote.AbstractProtocol.pause Pausing ProtocolHandler ["http-nio-8080"]
12-Jan-2024 12:42:44.395 INFO [Thread-3] org.apache.catalina.core.StandardService.stopInternal Parando servicio [Catalina]
12-Jan-2024 12:42:44.423 INFO [Thread-3] org.apache.coyote.AbstractProtocol.stop Stopping ProtocolHandler ["http-nio-8080"]
12-Jan-2024 12:42:44.439 INFO [Thread-3] org.apache.coyote.AbstractProtocol.destroy Destroying ProtocolHandler ["http-nio-8080"]
